<?xml version="1.0" encoding="UTF-8"?>
<testsuite xmlns:xsi="http://www.w3.org/2001/XMLSchema-instance" xsi:noNamespaceSchemaLocation="https://maven.apache.org/surefire/maven-surefire-plugin/xsd/surefire-test-report.xsd" name="com.alibaba.csp.sentinel.adapter.gateway.zuul.filters.SentinelZuulPreFilterTest" time="0.722" tests="1" errors="0" skipped="0" failures="0">
  <properties>
    <property name="sun.desktop" value="windows"/>
    <property name="awt.toolkit" value="sun.awt.windows.WToolkit"/>
    <property name="file.encoding.pkg" value="sun.io"/>
    <property name="java.specification.version" value="1.8"/>
    <property name="sun.cpu.isalist" value="amd64"/>
    <property name="sun.jnu.encoding" value="GBK"/>
    <property name="java.class.path" value="D:\Repositories\maven2\org\apache\maven\surefire\surefire-booter\2.22.1\surefire-booter-2.22.1.jar;D:\Repositories\maven2\org\apache\maven\surefire\surefire-api\2.22.1\surefire-api-2.22.1.jar;D:\Repositories\maven2\org\apache\maven\surefire\surefire-logger-api\2.22.1\surefire-logger-api-2.22.1.jar;D:\111\Sentinel-master\Sentinel-master\sentinel-adapter\sentinel-zuul-adapter\target\test-classes;D:\111\Sentinel-master\Sentinel-master\sentinel-adapter\sentinel-zuul-adapter\target\classes;D:\111\Sentinel-master\Sentinel-master\sentinel-core\target\sentinel-core-1.8.1-SNAPSHOT.jar;D:\111\Sentinel-master\Sentinel-master\sentinel-adapter\sentinel-api-gateway-adapter-common\target\sentinel-api-gateway-adapter-common-1.8.1-SNAPSHOT.jar;D:\111\Sentinel-master\Sentinel-master\sentinel-extension\sentinel-parameter-flow-control\target\sentinel-parameter-flow-control-1.8.1-SNAPSHOT.jar;D:\Repositories\maven2\com\googlecode\concurrentlinkedhashmap\concurrentlinkedhashmap-lru\1.4.2\concurrentlinkedhashmap-lru-1.4.2.jar;D:\Repositories\maven2\javax\servlet\javax.servlet-api\3.1.0\javax.servlet-api-3.1.0.jar;D:\Repositories\maven2\com\netflix\zuul\zuul-core\1.3.1\zuul-core-1.3.1.jar;D:\Repositories\maven2\commons-io\commons-io\2.4\commons-io-2.4.jar;D:\Repositories\maven2\org\codehaus\groovy\groovy-all\2.3.10\groovy-all-2.3.10.jar;D:\Repositories\maven2\org\slf4j\slf4j-api\1.7.6\slf4j-api-1.7.6.jar;D:\Repositories\maven2\com\netflix\archaius\archaius-core\0.6.0\archaius-core-0.6.0.jar;D:\Repositories\maven2\com\google\guava\guava\11.0.2\guava-11.0.2.jar;D:\Repositories\maven2\com\google\code\findbugs\jsr305\1.3.9\jsr305-1.3.9.jar;D:\Repositories\maven2\org\codehaus\jackson\jackson-mapper-asl\1.9.11\jackson-mapper-asl-1.9.11.jar;D:\Repositories\maven2\commons-configuration\commons-configuration\1.8\commons-configuration-1.8.jar;D:\Repositories\maven2\commons-lang\commons-lang\2.6\commons-lang-2.6.jar;D:\Repositories\maven2\org\codehaus\jackson\jackson-core-asl\1.9.11\jackson-core-asl-1.9.11.jar;D:\Repositories\maven2\com\google\code\findbugs\annotations\2.0.0\annotations-2.0.0.jar;D:\Repositories\maven2\com\netflix\servo\servo-core\0.7.2\servo-core-0.7.2.jar;D:\Repositories\maven2\com\netflix\netflix-commons\netflix-commons-util\0.1.1\netflix-commons-util-0.1.1.jar;D:\Repositories\maven2\org\springframework\spring-core\4.3.20.RELEASE\spring-core-4.3.20.RELEASE.jar;D:\Repositories\maven2\commons-logging\commons-logging\1.2\commons-logging-1.2.jar;D:\Repositories\maven2\org\springframework\cloud\spring-cloud-starter-netflix-zuul\1.4.6.RELEASE\spring-cloud-starter-netflix-zuul-1.4.6.RELEASE.jar;D:\Repositories\maven2\org\springframework\cloud\spring-cloud-starter\1.3.5.RELEASE\spring-cloud-starter-1.3.5.RELEASE.jar;D:\Repositories\maven2\org\springframework\boot\spring-boot-starter\1.5.16.RELEASE\spring-boot-starter-1.5.16.RELEASE.jar;D:\Repositories\maven2\org\springframework\boot\spring-boot\1.5.16.RELEASE\spring-boot-1.5.16.RELEASE.jar;D:\Repositories\maven2\org\springframework\boot\spring-boot-autoconfigure\1.5.16.RELEASE\spring-boot-autoconfigure-1.5.16.RELEASE.jar;D:\Repositories\maven2\org\springframework\boot\spring-boot-starter-logging\1.5.16.RELEASE\spring-boot-starter-logging-1.5.16.RELEASE.jar;D:\Repositories\maven2\ch\qos\logback\logback-classic\1.1.11\logback-classic-1.1.11.jar;D:\Repositories\maven2\ch\qos\logback\logback-core\1.1.11\logback-core-1.1.11.jar;D:\Repositories\maven2\org\slf4j\jcl-over-slf4j\1.7.25\jcl-over-slf4j-1.7.25.jar;D:\Repositories\maven2\org\slf4j\jul-to-slf4j\1.7.25\jul-to-slf4j-1.7.25.jar;D:\Repositories\maven2\org\slf4j\log4j-over-slf4j\1.7.25\log4j-over-slf4j-1.7.25.jar;D:\Repositories\maven2\org\yaml\snakeyaml\1.17\snakeyaml-1.17.jar;D:\Repositories\maven2\org\springframework\cloud\spring-cloud-context\1.3.5.RELEASE\spring-cloud-context-1.3.5.RELEASE.jar;D:\Repositories\maven2\org\springframework\security\spring-security-crypto\4.2.8.RELEASE\spring-security-crypto-4.2.8.RELEASE.jar;D:\Repositories\maven2\org\springframework\cloud\spring-cloud-commons\1.3.5.RELEASE\spring-cloud-commons-1.3.5.RELEASE.jar;D:\Repositories\maven2\org\apache\httpcomponents\httpclient\4.5.1\httpclient-4.5.1.jar;D:\Repositories\maven2\org\apache\httpcomponents\httpcore\4.4.3\httpcore-4.4.3.jar;D:\Repositories\maven2\commons-codec\commons-codec\1.9\commons-codec-1.9.jar;D:\Repositories\maven2\org\springframework\security\spring-security-rsa\1.0.3.RELEASE\spring-security-rsa-1.0.3.RELEASE.jar;D:\Repositories\maven2\org\bouncycastle\bcpkix-jdk15on\1.55\bcpkix-jdk15on-1.55.jar;D:\Repositories\maven2\org\bouncycastle\bcprov-jdk15on\1.55\bcprov-jdk15on-1.55.jar;D:\Repositories\maven2\org\springframework\boot\spring-boot-starter-web\1.5.16.RELEASE\spring-boot-starter-web-1.5.16.RELEASE.jar;D:\Repositories\maven2\org\springframework\boot\spring-boot-starter-tomcat\1.5.16.RELEASE\spring-boot-starter-tomcat-1.5.16.RELEASE.jar;D:\Repositories\maven2\org\apache\tomcat\embed\tomcat-embed-core\8.5.34\tomcat-embed-core-8.5.34.jar;D:\Repositories\maven2\org\apache\tomcat\tomcat-annotations-api\8.5.34\tomcat-annotations-api-8.5.34.jar;D:\Repositories\maven2\org\apache\tomcat\embed\tomcat-embed-el\8.5.34\tomcat-embed-el-8.5.34.jar;D:\Repositories\maven2\org\apache\tomcat\embed\tomcat-embed-websocket\8.5.34\tomcat-embed-websocket-8.5.34.jar;D:\Repositories\maven2\org\hibernate\hibernate-validator\5.3.6.Final\hibernate-validator-5.3.6.Final.jar;D:\Repositories\maven2\javax\validation\validation-api\1.1.0.Final\validation-api-1.1.0.Final.jar;D:\Repositories\maven2\org\jboss\logging\jboss-logging\3.3.0.Final\jboss-logging-3.3.0.Final.jar;D:\Repositories\maven2\com\fasterxml\classmate\1.3.1\classmate-1.3.1.jar;D:\Repositories\maven2\com\fasterxml\jackson\core\jackson-databind\2.8.11.2\jackson-databind-2.8.11.2.jar;D:\Repositories\maven2\org\springframework\spring-web\4.3.19.RELEASE\spring-web-4.3.19.RELEASE.jar;D:\Repositories\maven2\org\springframework\spring-aop\4.3.19.RELEASE\spring-aop-4.3.19.RELEASE.jar;D:\Repositories\maven2\org\springframework\spring-beans\4.3.19.RELEASE\spring-beans-4.3.19.RELEASE.jar;D:\Repositories\maven2\org\springframework\spring-context\4.3.19.RELEASE\spring-context-4.3.19.RELEASE.jar;D:\Repositories\maven2\org\springframework\spring-webmvc\4.3.19.RELEASE\spring-webmvc-4.3.19.RELEASE.jar;D:\Repositories\maven2\org\springframework\spring-expression\4.3.19.RELEASE\spring-expression-4.3.19.RELEASE.jar;D:\Repositories\maven2\org\springframework\boot\spring-boot-starter-actuator\1.5.16.RELEASE\spring-boot-starter-actuator-1.5.16.RELEASE.jar;D:\Repositories\maven2\org\springframework\boot\spring-boot-actuator\1.5.16.RELEASE\spring-boot-actuator-1.5.16.RELEASE.jar;D:\Repositories\maven2\org\springframework\cloud\spring-cloud-starter-netflix-hystrix\1.4.6.RELEASE\spring-cloud-starter-netflix-hystrix-1.4.6.RELEASE.jar;D:\Repositories\maven2\org\springframework\cloud\spring-cloud-netflix-core\1.4.6.RELEASE\spring-cloud-netflix-core-1.4.6.RELEASE.jar;D:\Repositories\maven2\com\netflix\hystrix\hystrix-core\1.5.12\hystrix-core-1.5.12.jar;D:\Repositories\maven2\org\hdrhistogram\HdrHistogram\2.1.9\HdrHistogram-2.1.9.jar;D:\Repositories\maven2\com\netflix\hystrix\hystrix-metrics-event-stream\1.5.12\hystrix-metrics-event-stream-1.5.12.jar;D:\Repositories\maven2\com\netflix\hystrix\hystrix-serialization\1.5.12\hystrix-serialization-1.5.12.jar;D:\Repositories\maven2\com\fasterxml\jackson\module\jackson-module-afterburner\2.7.5\jackson-module-afterburner-2.7.5.jar;D:\Repositories\maven2\com\netflix\hystrix\hystrix-javanica\1.5.12\hystrix-javanica-1.5.12.jar;D:\Repositories\maven2\org\apache\commons\commons-lang3\3.1\commons-lang3-3.1.jar;D:\Repositories\maven2\org\ow2\asm\asm\5.0.4\asm-5.0.4.jar;D:\Repositories\maven2\org\aspectj\aspectjweaver\1.8.6\aspectjweaver-1.8.6.jar;D:\Repositories\maven2\org\springframework\cloud\spring-cloud-starter-netflix-ribbon\1.4.6.RELEASE\spring-cloud-starter-netflix-ribbon-1.4.6.RELEASE.jar;D:\Repositories\maven2\com\netflix\ribbon\ribbon\2.2.5\ribbon-2.2.5.jar;D:\Repositories\maven2\com\netflix\ribbon\ribbon-transport\2.2.5\ribbon-transport-2.2.5.jar;D:\Repositories\maven2\io\reactivex\rxnetty-contexts\0.4.9\rxnetty-contexts-0.4.9.jar;D:\Repositories\maven2\io\reactivex\rxnetty-servo\0.4.9\rxnetty-servo-0.4.9.jar;D:\Repositories\maven2\javax\inject\javax.inject\1\javax.inject-1.jar;D:\Repositories\maven2\io\reactivex\rxnetty\0.4.9\rxnetty-0.4.9.jar;D:\Repositories\maven2\com\netflix\ribbon\ribbon-core\2.2.5\ribbon-core-2.2.5.jar;D:\Repositories\maven2\com\netflix\ribbon\ribbon-httpclient\2.2.5\ribbon-httpclient-2.2.5.jar;D:\Repositories\maven2\commons-collections\commons-collections\3.2.2\commons-collections-3.2.2.jar;D:\Repositories\maven2\com\sun\jersey\jersey-client\1.19.1\jersey-client-1.19.1.jar;D:\Repositories\maven2\com\sun\jersey\jersey-core\1.19.1\jersey-core-1.19.1.jar;D:\Repositories\maven2\javax\ws\rs\jsr311-api\1.1.1\jsr311-api-1.1.1.jar;D:\Repositories\maven2\com\sun\jersey\contribs\jersey-apache-client4\1.19.1\jersey-apache-client4-1.19.1.jar;D:\Repositories\maven2\com\netflix\ribbon\ribbon-loadbalancer\2.2.5\ribbon-loadbalancer-2.2.5.jar;D:\Repositories\maven2\com\netflix\netflix-commons\netflix-statistics\0.1.1\netflix-statistics-0.1.1.jar;D:\Repositories\maven2\io\reactivex\rxjava\1.2.0\rxjava-1.2.0.jar;D:\Repositories\maven2\org\springframework\cloud\spring-cloud-starter-netflix-archaius\1.4.6.RELEASE\spring-cloud-starter-netflix-archaius-1.4.6.RELEASE.jar;D:\Repositories\maven2\com\fasterxml\jackson\core\jackson-annotations\2.8.0\jackson-annotations-2.8.0.jar;D:\Repositories\maven2\com\fasterxml\jackson\core\jackson-core\2.8.11\jackson-core-2.8.11.jar;D:\Repositories\maven2\junit\junit\4.12\junit-4.12.jar;D:\Repositories\maven2\org\hamcrest\hamcrest-core\1.3\hamcrest-core-1.3.jar;D:\Repositories\maven2\org\mockito\mockito-core\2.28.2\mockito-core-2.28.2.jar;D:\Repositories\maven2\net\bytebuddy\byte-buddy\1.9.10\byte-buddy-1.9.10.jar;D:\Repositories\maven2\net\bytebuddy\byte-buddy-agent\1.9.10\byte-buddy-agent-1.9.10.jar;D:\Repositories\maven2\org\objenesis\objenesis\2.6\objenesis-2.6.jar;D:\Repositories\maven2\org\apache\maven\surefire\surefire-junit4\2.22.1\surefire-junit4-2.22.1.jar"/>
    <property name="java.vm.vendor" value="Oracle Corporation"/>
    <property name="sun.arch.data.model" value="64"/>
    <property name="user.variant" value=""/>
    <property name="java.vendor.url" value="http://java.oracle.com/"/>
    <property name="user.timezone" value="Asia/Shanghai"/>
    <property name="java.vm.specification.version" value="1.8"/>
    <property name="os.name" value="Windows 7"/>
    <property name="user.country" value="CN"/>
    <property name="sun.java.launcher" value="SUN_STANDARD"/>
    <property name="sun.boot.library.path" value="C:\Program Files\Java\jdk1.8.0_91\jre\bin"/>
    <property name="sun.java.command" value="org.apache.maven.surefire.booter.ForkedBooter C:\Users\liujianjun\AppData\Local\Temp\surefire5613707076968742616 2020-09-03T14-26-43_300-jvmRun1 surefire6022028504744735458tmp surefire_193516195674797238912tmp"/>
    <property name="surefire.test.class.path" value="D:\111\Sentinel-master\Sentinel-master\sentinel-adapter\sentinel-zuul-adapter\target\test-classes;D:\111\Sentinel-master\Sentinel-master\sentinel-adapter\sentinel-zuul-adapter\target\classes;D:\111\Sentinel-master\Sentinel-master\sentinel-core\target\sentinel-core-1.8.1-SNAPSHOT.jar;D:\111\Sentinel-master\Sentinel-master\sentinel-adapter\sentinel-api-gateway-adapter-common\target\sentinel-api-gateway-adapter-common-1.8.1-SNAPSHOT.jar;D:\111\Sentinel-master\Sentinel-master\sentinel-extension\sentinel-parameter-flow-control\target\sentinel-parameter-flow-control-1.8.1-SNAPSHOT.jar;D:\Repositories\maven2\com\googlecode\concurrentlinkedhashmap\concurrentlinkedhashmap-lru\1.4.2\concurrentlinkedhashmap-lru-1.4.2.jar;D:\Repositories\maven2\javax\servlet\javax.servlet-api\3.1.0\javax.servlet-api-3.1.0.jar;D:\Repositories\maven2\com\netflix\zuul\zuul-core\1.3.1\zuul-core-1.3.1.jar;D:\Repositories\maven2\commons-io\commons-io\2.4\commons-io-2.4.jar;D:\Repositories\maven2\org\codehaus\groovy\groovy-all\2.3.10\groovy-all-2.3.10.jar;D:\Repositories\maven2\org\slf4j\slf4j-api\1.7.6\slf4j-api-1.7.6.jar;D:\Repositories\maven2\com\netflix\archaius\archaius-core\0.6.0\archaius-core-0.6.0.jar;D:\Repositories\maven2\com\google\guava\guava\11.0.2\guava-11.0.2.jar;D:\Repositories\maven2\com\google\code\findbugs\jsr305\1.3.9\jsr305-1.3.9.jar;D:\Repositories\maven2\org\codehaus\jackson\jackson-mapper-asl\1.9.11\jackson-mapper-asl-1.9.11.jar;D:\Repositories\maven2\commons-configuration\commons-configuration\1.8\commons-configuration-1.8.jar;D:\Repositories\maven2\commons-lang\commons-lang\2.6\commons-lang-2.6.jar;D:\Repositories\maven2\org\codehaus\jackson\jackson-core-asl\1.9.11\jackson-core-asl-1.9.11.jar;D:\Repositories\maven2\com\google\code\findbugs\annotations\2.0.0\annotations-2.0.0.jar;D:\Repositories\maven2\com\netflix\servo\servo-core\0.7.2\servo-core-0.7.2.jar;D:\Repositories\maven2\com\netflix\netflix-commons\netflix-commons-util\0.1.1\netflix-commons-util-0.1.1.jar;D:\Repositories\maven2\org\springframework\spring-core\4.3.20.RELEASE\spring-core-4.3.20.RELEASE.jar;D:\Repositories\maven2\commons-logging\commons-logging\1.2\commons-logging-1.2.jar;D:\Repositories\maven2\org\springframework\cloud\spring-cloud-starter-netflix-zuul\1.4.6.RELEASE\spring-cloud-starter-netflix-zuul-1.4.6.RELEASE.jar;D:\Repositories\maven2\org\springframework\cloud\spring-cloud-starter\1.3.5.RELEASE\spring-cloud-starter-1.3.5.RELEASE.jar;D:\Repositories\maven2\org\springframework\boot\spring-boot-starter\1.5.16.RELEASE\spring-boot-starter-1.5.16.RELEASE.jar;D:\Repositories\maven2\org\springframework\boot\spring-boot\1.5.16.RELEASE\spring-boot-1.5.16.RELEASE.jar;D:\Repositories\maven2\org\springframework\boot\spring-boot-autoconfigure\1.5.16.RELEASE\spring-boot-autoconfigure-1.5.16.RELEASE.jar;D:\Repositories\maven2\org\springframework\boot\spring-boot-starter-logging\1.5.16.RELEASE\spring-boot-starter-logging-1.5.16.RELEASE.jar;D:\Repositories\maven2\ch\qos\logback\logback-classic\1.1.11\logback-classic-1.1.11.jar;D:\Repositories\maven2\ch\qos\logback\logback-core\1.1.11\logback-core-1.1.11.jar;D:\Repositories\maven2\org\slf4j\jcl-over-slf4j\1.7.25\jcl-over-slf4j-1.7.25.jar;D:\Repositories\maven2\org\slf4j\jul-to-slf4j\1.7.25\jul-to-slf4j-1.7.25.jar;D:\Repositories\maven2\org\slf4j\log4j-over-slf4j\1.7.25\log4j-over-slf4j-1.7.25.jar;D:\Repositories\maven2\org\yaml\snakeyaml\1.17\snakeyaml-1.17.jar;D:\Repositories\maven2\org\springframework\cloud\spring-cloud-context\1.3.5.RELEASE\spring-cloud-context-1.3.5.RELEASE.jar;D:\Repositories\maven2\org\springframework\security\spring-security-crypto\4.2.8.RELEASE\spring-security-crypto-4.2.8.RELEASE.jar;D:\Repositories\maven2\org\springframework\cloud\spring-cloud-commons\1.3.5.RELEASE\spring-cloud-commons-1.3.5.RELEASE.jar;D:\Repositories\maven2\org\apache\httpcomponents\httpclient\4.5.1\httpclient-4.5.1.jar;D:\Repositories\maven2\org\apache\httpcomponents\httpcore\4.4.3\httpcore-4.4.3.jar;D:\Repositories\maven2\commons-codec\commons-codec\1.9\commons-codec-1.9.jar;D:\Repositories\maven2\org\springframework\security\spring-security-rsa\1.0.3.RELEASE\spring-security-rsa-1.0.3.RELEASE.jar;D:\Repositories\maven2\org\bouncycastle\bcpkix-jdk15on\1.55\bcpkix-jdk15on-1.55.jar;D:\Repositories\maven2\org\bouncycastle\bcprov-jdk15on\1.55\bcprov-jdk15on-1.55.jar;D:\Repositories\maven2\org\springframework\boot\spring-boot-starter-web\1.5.16.RELEASE\spring-boot-starter-web-1.5.16.RELEASE.jar;D:\Repositories\maven2\org\springframework\boot\spring-boot-starter-tomcat\1.5.16.RELEASE\spring-boot-starter-tomcat-1.5.16.RELEASE.jar;D:\Repositories\maven2\org\apache\tomcat\embed\tomcat-embed-core\8.5.34\tomcat-embed-core-8.5.34.jar;D:\Repositories\maven2\org\apache\tomcat\tomcat-annotations-api\8.5.34\tomcat-annotations-api-8.5.34.jar;D:\Repositories\maven2\org\apache\tomcat\embed\tomcat-embed-el\8.5.34\tomcat-embed-el-8.5.34.jar;D:\Repositories\maven2\org\apache\tomcat\embed\tomcat-embed-websocket\8.5.34\tomcat-embed-websocket-8.5.34.jar;D:\Repositories\maven2\org\hibernate\hibernate-validator\5.3.6.Final\hibernate-validator-5.3.6.Final.jar;D:\Repositories\maven2\javax\validation\validation-api\1.1.0.Final\validation-api-1.1.0.Final.jar;D:\Repositories\maven2\org\jboss\logging\jboss-logging\3.3.0.Final\jboss-logging-3.3.0.Final.jar;D:\Repositories\maven2\com\fasterxml\classmate\1.3.1\classmate-1.3.1.jar;D:\Repositories\maven2\com\fasterxml\jackson\core\jackson-databind\2.8.11.2\jackson-databind-2.8.11.2.jar;D:\Repositories\maven2\org\springframework\spring-web\4.3.19.RELEASE\spring-web-4.3.19.RELEASE.jar;D:\Repositories\maven2\org\springframework\spring-aop\4.3.19.RELEASE\spring-aop-4.3.19.RELEASE.jar;D:\Repositories\maven2\org\springframework\spring-beans\4.3.19.RELEASE\spring-beans-4.3.19.RELEASE.jar;D:\Repositories\maven2\org\springframework\spring-context\4.3.19.RELEASE\spring-context-4.3.19.RELEASE.jar;D:\Repositories\maven2\org\springframework\spring-webmvc\4.3.19.RELEASE\spring-webmvc-4.3.19.RELEASE.jar;D:\Repositories\maven2\org\springframework\spring-expression\4.3.19.RELEASE\spring-expression-4.3.19.RELEASE.jar;D:\Repositories\maven2\org\springframework\boot\spring-boot-starter-actuator\1.5.16.RELEASE\spring-boot-starter-actuator-1.5.16.RELEASE.jar;D:\Repositories\maven2\org\springframework\boot\spring-boot-actuator\1.5.16.RELEASE\spring-boot-actuator-1.5.16.RELEASE.jar;D:\Repositories\maven2\org\springframework\cloud\spring-cloud-starter-netflix-hystrix\1.4.6.RELEASE\spring-cloud-starter-netflix-hystrix-1.4.6.RELEASE.jar;D:\Repositories\maven2\org\springframework\cloud\spring-cloud-netflix-core\1.4.6.RELEASE\spring-cloud-netflix-core-1.4.6.RELEASE.jar;D:\Repositories\maven2\com\netflix\hystrix\hystrix-core\1.5.12\hystrix-core-1.5.12.jar;D:\Repositories\maven2\org\hdrhistogram\HdrHistogram\2.1.9\HdrHistogram-2.1.9.jar;D:\Repositories\maven2\com\netflix\hystrix\hystrix-metrics-event-stream\1.5.12\hystrix-metrics-event-stream-1.5.12.jar;D:\Repositories\maven2\com\netflix\hystrix\hystrix-serialization\1.5.12\hystrix-serialization-1.5.12.jar;D:\Repositories\maven2\com\fasterxml\jackson\module\jackson-module-afterburner\2.7.5\jackson-module-afterburner-2.7.5.jar;D:\Repositories\maven2\com\netflix\hystrix\hystrix-javanica\1.5.12\hystrix-javanica-1.5.12.jar;D:\Repositories\maven2\org\apache\commons\commons-lang3\3.1\commons-lang3-3.1.jar;D:\Repositories\maven2\org\ow2\asm\asm\5.0.4\asm-5.0.4.jar;D:\Repositories\maven2\org\aspectj\aspectjweaver\1.8.6\aspectjweaver-1.8.6.jar;D:\Repositories\maven2\org\springframework\cloud\spring-cloud-starter-netflix-ribbon\1.4.6.RELEASE\spring-cloud-starter-netflix-ribbon-1.4.6.RELEASE.jar;D:\Repositories\maven2\com\netflix\ribbon\ribbon\2.2.5\ribbon-2.2.5.jar;D:\Repositories\maven2\com\netflix\ribbon\ribbon-transport\2.2.5\ribbon-transport-2.2.5.jar;D:\Repositories\maven2\io\reactivex\rxnetty-contexts\0.4.9\rxnetty-contexts-0.4.9.jar;D:\Repositories\maven2\io\reactivex\rxnetty-servo\0.4.9\rxnetty-servo-0.4.9.jar;D:\Repositories\maven2\javax\inject\javax.inject\1\javax.inject-1.jar;D:\Repositories\maven2\io\reactivex\rxnetty\0.4.9\rxnetty-0.4.9.jar;D:\Repositories\maven2\com\netflix\ribbon\ribbon-core\2.2.5\ribbon-core-2.2.5.jar;D:\Repositories\maven2\com\netflix\ribbon\ribbon-httpclient\2.2.5\ribbon-httpclient-2.2.5.jar;D:\Repositories\maven2\commons-collections\commons-collections\3.2.2\commons-collections-3.2.2.jar;D:\Repositories\maven2\com\sun\jersey\jersey-client\1.19.1\jersey-client-1.19.1.jar;D:\Repositories\maven2\com\sun\jersey\jersey-core\1.19.1\jersey-core-1.19.1.jar;D:\Repositories\maven2\javax\ws\rs\jsr311-api\1.1.1\jsr311-api-1.1.1.jar;D:\Repositories\maven2\com\sun\jersey\contribs\jersey-apache-client4\1.19.1\jersey-apache-client4-1.19.1.jar;D:\Repositories\maven2\com\netflix\ribbon\ribbon-loadbalancer\2.2.5\ribbon-loadbalancer-2.2.5.jar;D:\Repositories\maven2\com\netflix\netflix-commons\netflix-statistics\0.1.1\netflix-statistics-0.1.1.jar;D:\Repositories\maven2\io\reactivex\rxjava\1.2.0\rxjava-1.2.0.jar;D:\Repositories\maven2\org\springframework\cloud\spring-cloud-starter-netflix-archaius\1.4.6.RELEASE\spring-cloud-starter-netflix-archaius-1.4.6.RELEASE.jar;D:\Repositories\maven2\com\fasterxml\jackson\core\jackson-annotations\2.8.0\jackson-annotations-2.8.0.jar;D:\Repositories\maven2\com\fasterxml\jackson\core\jackson-core\2.8.11\jackson-core-2.8.11.jar;D:\Repositories\maven2\junit\junit\4.12\junit-4.12.jar;D:\Repositories\maven2\org\hamcrest\hamcrest-core\1.3\hamcrest-core-1.3.jar;D:\Repositories\maven2\org\mockito\mockito-core\2.28.2\mockito-core-2.28.2.jar;D:\Repositories\maven2\net\bytebuddy\byte-buddy\1.9.10\byte-buddy-1.9.10.jar;D:\Repositories\maven2\net\bytebuddy\byte-buddy-agent\1.9.10\byte-buddy-agent-1.9.10.jar;D:\Repositories\maven2\org\objenesis\objenesis\2.6\objenesis-2.6.jar;"/>
    <property name="sun.cpu.endian" value="little"/>
    <property name="user.home" value="C:\Users\liujianjun"/>
    <property name="user.language" value="zh"/>
    <property name="java.specification.vendor" value="Oracle Corporation"/>
    <property name="java.home" value="C:\Program Files\Java\jdk1.8.0_91\jre"/>
    <property name="basedir" value="D:\111\Sentinel-master\Sentinel-master\sentinel-adapter\sentinel-zuul-adapter"/>
    <property name="file.separator" value="\"/>
    <property name="line.separator" value="&#10;"/>
    <property name="java.vm.specification.vendor" value="Oracle Corporation"/>
    <property name="java.specification.name" value="Java Platform API Specification"/>
    <property name="java.awt.graphicsenv" value="sun.awt.Win32GraphicsEnvironment"/>
    <property name="sun.boot.class.path" value="C:\Program Files\Java\jdk1.8.0_91\jre\lib\resources.jar;C:\Program Files\Java\jdk1.8.0_91\jre\lib\rt.jar;C:\Program Files\Java\jdk1.8.0_91\jre\lib\sunrsasign.jar;C:\Program Files\Java\jdk1.8.0_91\jre\lib\jsse.jar;C:\Program Files\Java\jdk1.8.0_91\jre\lib\jce.jar;C:\Program Files\Java\jdk1.8.0_91\jre\lib\charsets.jar;C:\Program Files\Java\jdk1.8.0_91\jre\lib\jfr.jar;C:\Program Files\Java\jdk1.8.0_91\jre\classes"/>
    <property name="user.script" value=""/>
    <property name="sun.management.compiler" value="HotSpot 64-Bit Tiered Compilers"/>
    <property name="java.runtime.version" value="1.8.0_91-b15"/>
    <property name="user.name" value="liujianjun"/>
    <property name="path.separator" value=";"/>
    <property name="os.version" value="6.1"/>
    <property name="java.endorsed.dirs" value="C:\Program Files\Java\jdk1.8.0_91\jre\lib\endorsed"/>
    <property name="java.runtime.name" value="Java(TM) SE Runtime Environment"/>
    <property name="file.encoding" value="UTF-8"/>
    <property name="java.vm.name" value="Java HotSpot(TM) 64-Bit Server VM"/>
    <property name="localRepository" value="D:\Repositories\maven2"/>
    <property name="java.vendor.url.bug" value="http://bugreport.sun.com/bugreport/"/>
    <property name="java.io.tmpdir" value="C:\Users\LIUJIA~1\AppData\Local\Temp\"/>
    <property name="idea.version" value="2017.1"/>
    <property name="java.version" value="1.8.0_91"/>
    <property name="user.dir" value="D:\111\Sentinel-master\Sentinel-master\sentinel-adapter\sentinel-zuul-adapter"/>
    <property name="os.arch" value="amd64"/>
    <property name="java.vm.specification.name" value="Java Virtual Machine Specification"/>
    <property name="java.awt.printerjob" value="sun.awt.windows.WPrinterJob"/>
    <property name="sun.os.patch.level" value="Service Pack 1"/>
    <property name="java.library.path" value="C:\Program Files\Java\jdk1.8.0_91\jre\bin;C:\windows\Sun\Java\bin;C:\windows\system32;C:\windows;C:\ProgramData\Oracle\Java\javapath;C:\Program Files\Java\jdk1.8.0_91\bin;D:\apache-maven-3.0.4\bin;D:\Program Files\SlikSvn\bin;C:\strawberry\c\bin;C:\strawberry\perl\bin;D:\3.0ftp\boot\mysql-5.5.51-win32\bin;C:\windows\system32;C:\MinGW\bin;C:\Python27;C:\Python27\Scripts;D:\Program Files (x86)\opencv\build;E:\Program Files\Git\cmd;C:\Users\liujianjun\AppData\Local\Programs\Python\Python36-32\Scripts\;C:\Users\liujianjun\AppData\Local\Programs\Python\Python36-32\;d:\Program Files (x86)\SSH Communications Security\SSH Secure Shell;C:\Users\liujianjun\AppData\Local\Programs\Fiddler;C:\Users\liujianjun\AppData\Local\BypassRuntm;."/>
    <property name="java.vm.info" value="mixed mode"/>
    <property name="java.vendor" value="Oracle Corporation"/>
    <property name="java.vm.version" value="25.91-b15"/>
    <property name="java.ext.dirs" value="C:\Program Files\Java\jdk1.8.0_91\jre\lib\ext;C:\windows\Sun\Java\lib\ext"/>
    <property name="sun.io.unicode.encoding" value="UnicodeLittle"/>
    <property name="java.class.version" value="52.0"/>
  </properties>
  <testcase name="testFilterType" classname="com.alibaba.csp.sentinel.adapter.gateway.zuul.filters.SentinelZuulPreFilterTest" time="0.706"/>
</testsuite>