<?xml version="1.0" encoding="UTF-8"?>
<testsuite xmlns:xsi="http://www.w3.org/2001/XMLSchema-instance" xsi:noNamespaceSchemaLocation="https://maven.apache.org/surefire/maven-surefire-plugin/xsd/surefire-test-report.xsd" name="com.alibaba.csp.sentinel.datasource.eureka.EurekaDataSourceTest" time="23.147" tests="1" errors="0" skipped="0" failures="0">
  <properties>
    <property name="sun.desktop" value="windows"/>
    <property name="awt.toolkit" value="sun.awt.windows.WToolkit"/>
    <property name="file.encoding.pkg" value="sun.io"/>
    <property name="java.specification.version" value="1.8"/>
    <property name="sun.cpu.isalist" value="amd64"/>
    <property name="sun.jnu.encoding" value="GBK"/>
    <property name="java.class.path" value="D:\Repositories\maven2\org\apache\maven\surefire\surefire-booter\2.22.1\surefire-booter-2.22.1.jar;D:\Repositories\maven2\org\apache\maven\surefire\surefire-api\2.22.1\surefire-api-2.22.1.jar;D:\Repositories\maven2\org\apache\maven\surefire\surefire-logger-api\2.22.1\surefire-logger-api-2.22.1.jar;D:\111\Sentinel-master\Sentinel-master\sentinel-extension\sentinel-datasource-eureka\target\test-classes;D:\111\Sentinel-master\Sentinel-master\sentinel-extension\sentinel-datasource-eureka\target\classes;D:\111\Sentinel-master\Sentinel-master\sentinel-extension\sentinel-datasource-extension\target\sentinel-datasource-extension-1.8.1-SNAPSHOT.jar;D:\111\Sentinel-master\Sentinel-master\sentinel-core\target\sentinel-core-1.8.1-SNAPSHOT.jar;D:\Repositories\maven2\com\alibaba\fastjson\1.2.71\fastjson-1.2.71.jar;D:\Repositories\maven2\junit\junit\4.12\junit-4.12.jar;D:\Repositories\maven2\org\hamcrest\hamcrest-core\1.3\hamcrest-core-1.3.jar;D:\Repositories\maven2\org\awaitility\awaitility\3.1.5\awaitility-3.1.5.jar;D:\Repositories\maven2\org\hamcrest\hamcrest-library\1.3\hamcrest-library-1.3.jar;D:\Repositories\maven2\org\objenesis\objenesis\2.6\objenesis-2.6.jar;D:\Repositories\maven2\org\springframework\boot\spring-boot-starter-test\2.1.2.RELEASE\spring-boot-starter-test-2.1.2.RELEASE.jar;D:\Repositories\maven2\org\springframework\boot\spring-boot-starter\2.1.2.RELEASE\spring-boot-starter-2.1.2.RELEASE.jar;D:\Repositories\maven2\org\springframework\boot\spring-boot\2.1.2.RELEASE\spring-boot-2.1.2.RELEASE.jar;D:\Repositories\maven2\org\springframework\spring-context\5.1.4.RELEASE\spring-context-5.1.4.RELEASE.jar;D:\Repositories\maven2\org\springframework\spring-aop\5.1.4.RELEASE\spring-aop-5.1.4.RELEASE.jar;D:\Repositories\maven2\org\springframework\spring-beans\5.1.4.RELEASE\spring-beans-5.1.4.RELEASE.jar;D:\Repositories\maven2\org\springframework\spring-expression\5.1.4.RELEASE\spring-expression-5.1.4.RELEASE.jar;D:\Repositories\maven2\org\springframework\boot\spring-boot-autoconfigure\2.1.2.RELEASE\spring-boot-autoconfigure-2.1.2.RELEASE.jar;D:\Repositories\maven2\org\springframework\boot\spring-boot-starter-logging\2.1.2.RELEASE\spring-boot-starter-logging-2.1.2.RELEASE.jar;D:\Repositories\maven2\ch\qos\logback\logback-classic\1.2.3\logback-classic-1.2.3.jar;D:\Repositories\maven2\ch\qos\logback\logback-core\1.2.3\logback-core-1.2.3.jar;D:\Repositories\maven2\org\apache\logging\log4j\log4j-to-slf4j\2.11.1\log4j-to-slf4j-2.11.1.jar;D:\Repositories\maven2\org\apache\logging\log4j\log4j-api\2.11.1\log4j-api-2.11.1.jar;D:\Repositories\maven2\org\slf4j\jul-to-slf4j\1.7.25\jul-to-slf4j-1.7.25.jar;D:\Repositories\maven2\javax\annotation\javax.annotation-api\1.3.2\javax.annotation-api-1.3.2.jar;D:\Repositories\maven2\org\yaml\snakeyaml\1.23\snakeyaml-1.23.jar;D:\Repositories\maven2\org\springframework\boot\spring-boot-test\2.1.2.RELEASE\spring-boot-test-2.1.2.RELEASE.jar;D:\Repositories\maven2\org\springframework\boot\spring-boot-test-autoconfigure\2.1.2.RELEASE\spring-boot-test-autoconfigure-2.1.2.RELEASE.jar;D:\Repositories\maven2\com\jayway\jsonpath\json-path\2.4.0\json-path-2.4.0.jar;D:\Repositories\maven2\net\minidev\json-smart\2.3\json-smart-2.3.jar;D:\Repositories\maven2\net\minidev\accessors-smart\1.2\accessors-smart-1.2.jar;D:\Repositories\maven2\org\ow2\asm\asm\5.0.4\asm-5.0.4.jar;D:\Repositories\maven2\org\slf4j\slf4j-api\1.7.25\slf4j-api-1.7.25.jar;D:\Repositories\maven2\org\assertj\assertj-core\3.12.1\assertj-core-3.12.1.jar;D:\Repositories\maven2\org\mockito\mockito-core\2.28.2\mockito-core-2.28.2.jar;D:\Repositories\maven2\net\bytebuddy\byte-buddy\1.9.10\byte-buddy-1.9.10.jar;D:\Repositories\maven2\net\bytebuddy\byte-buddy-agent\1.9.10\byte-buddy-agent-1.9.10.jar;D:\Repositories\maven2\org\skyscreamer\jsonassert\1.5.0\jsonassert-1.5.0.jar;D:\Repositories\maven2\com\vaadin\external\google\android-json\0.0.20131108.vaadin1\android-json-0.0.20131108.vaadin1.jar;D:\Repositories\maven2\org\springframework\spring-core\5.1.4.RELEASE\spring-core-5.1.4.RELEASE.jar;D:\Repositories\maven2\org\springframework\spring-jcl\5.1.4.RELEASE\spring-jcl-5.1.4.RELEASE.jar;D:\Repositories\maven2\org\springframework\spring-test\5.1.4.RELEASE\spring-test-5.1.4.RELEASE.jar;D:\Repositories\maven2\org\xmlunit\xmlunit-core\2.6.2\xmlunit-core-2.6.2.jar;D:\Repositories\maven2\org\springframework\cloud\spring-cloud-starter-netflix-eureka-server\2.1.2.RELEASE\spring-cloud-starter-netflix-eureka-server-2.1.2.RELEASE.jar;D:\Repositories\maven2\org\springframework\cloud\spring-cloud-starter\2.1.2.RELEASE\spring-cloud-starter-2.1.2.RELEASE.jar;D:\Repositories\maven2\org\springframework\cloud\spring-cloud-context\2.1.2.RELEASE\spring-cloud-context-2.1.2.RELEASE.jar;D:\Repositories\maven2\org\springframework\security\spring-security-crypto\5.1.5.RELEASE\spring-security-crypto-5.1.5.RELEASE.jar;D:\Repositories\maven2\org\springframework\cloud\spring-cloud-commons\2.1.2.RELEASE\spring-cloud-commons-2.1.2.RELEASE.jar;D:\Repositories\maven2\org\springframework\security\spring-security-rsa\1.0.7.RELEASE\spring-security-rsa-1.0.7.RELEASE.jar;D:\Repositories\maven2\org\bouncycastle\bcpkix-jdk15on\1.60\bcpkix-jdk15on-1.60.jar;D:\Repositories\maven2\org\bouncycastle\bcprov-jdk15on\1.60\bcprov-jdk15on-1.60.jar;D:\Repositories\maven2\org\springframework\cloud\spring-cloud-netflix-eureka-server\2.1.2.RELEASE\spring-cloud-netflix-eureka-server-2.1.2.RELEASE.jar;D:\Repositories\maven2\org\springframework\boot\spring-boot-starter-web\2.1.5.RELEASE\spring-boot-starter-web-2.1.5.RELEASE.jar;D:\Repositories\maven2\org\springframework\boot\spring-boot-starter-json\2.1.5.RELEASE\spring-boot-starter-json-2.1.5.RELEASE.jar;D:\Repositories\maven2\com\fasterxml\jackson\datatype\jackson-datatype-jdk8\2.9.8\jackson-datatype-jdk8-2.9.8.jar;D:\Repositories\maven2\com\fasterxml\jackson\datatype\jackson-datatype-jsr310\2.9.8\jackson-datatype-jsr310-2.9.8.jar;D:\Repositories\maven2\com\fasterxml\jackson\module\jackson-module-parameter-names\2.9.8\jackson-module-parameter-names-2.9.8.jar;D:\Repositories\maven2\org\springframework\boot\spring-boot-starter-tomcat\2.1.5.RELEASE\spring-boot-starter-tomcat-2.1.5.RELEASE.jar;D:\Repositories\maven2\org\apache\tomcat\embed\tomcat-embed-core\9.0.19\tomcat-embed-core-9.0.19.jar;D:\Repositories\maven2\org\apache\tomcat\embed\tomcat-embed-el\9.0.19\tomcat-embed-el-9.0.19.jar;D:\Repositories\maven2\org\apache\tomcat\embed\tomcat-embed-websocket\9.0.19\tomcat-embed-websocket-9.0.19.jar;D:\Repositories\maven2\org\hibernate\validator\hibernate-validator\6.0.16.Final\hibernate-validator-6.0.16.Final.jar;D:\Repositories\maven2\javax\validation\validation-api\2.0.1.Final\validation-api-2.0.1.Final.jar;D:\Repositories\maven2\org\jboss\logging\jboss-logging\3.3.2.Final\jboss-logging-3.3.2.Final.jar;D:\Repositories\maven2\com\fasterxml\classmate\1.3.4\classmate-1.3.4.jar;D:\Repositories\maven2\org\springframework\spring-web\5.1.7.RELEASE\spring-web-5.1.7.RELEASE.jar;D:\Repositories\maven2\org\springframework\spring-webmvc\5.1.7.RELEASE\spring-webmvc-5.1.7.RELEASE.jar;D:\Repositories\maven2\org\springframework\boot\spring-boot-starter-actuator\2.1.5.RELEASE\spring-boot-starter-actuator-2.1.5.RELEASE.jar;D:\Repositories\maven2\org\springframework\boot\spring-boot-actuator-autoconfigure\2.1.5.RELEASE\spring-boot-actuator-autoconfigure-2.1.5.RELEASE.jar;D:\Repositories\maven2\org\springframework\boot\spring-boot-actuator\2.1.5.RELEASE\spring-boot-actuator-2.1.5.RELEASE.jar;D:\Repositories\maven2\io\micrometer\micrometer-core\1.1.4\micrometer-core-1.1.4.jar;D:\Repositories\maven2\org\hdrhistogram\HdrHistogram\2.1.9\HdrHistogram-2.1.9.jar;D:\Repositories\maven2\org\latencyutils\LatencyUtils\2.0.3\LatencyUtils-2.0.3.jar;D:\Repositories\maven2\org\springframework\boot\spring-boot-starter-freemarker\2.1.5.RELEASE\spring-boot-starter-freemarker-2.1.5.RELEASE.jar;D:\Repositories\maven2\org\freemarker\freemarker\2.3.28\freemarker-2.3.28.jar;D:\Repositories\maven2\org\springframework\spring-context-support\5.1.7.RELEASE\spring-context-support-5.1.7.RELEASE.jar;D:\Repositories\maven2\org\springframework\cloud\spring-cloud-netflix-hystrix\2.1.2.RELEASE\spring-cloud-netflix-hystrix-2.1.2.RELEASE.jar;D:\Repositories\maven2\org\springframework\boot\spring-boot-starter-aop\2.1.5.RELEASE\spring-boot-starter-aop-2.1.5.RELEASE.jar;D:\Repositories\maven2\org\aspectj\aspectjweaver\1.9.4\aspectjweaver-1.9.4.jar;D:\Repositories\maven2\org\springframework\cloud\spring-cloud-netflix-eureka-client\2.1.2.RELEASE\spring-cloud-netflix-eureka-client-2.1.2.RELEASE.jar;D:\Repositories\maven2\com\netflix\eureka\eureka-client\1.9.12\eureka-client-1.9.12.jar;D:\Repositories\maven2\org\codehaus\jettison\jettison\1.3.7\jettison-1.3.7.jar;D:\Repositories\maven2\stax\stax-api\1.0.1\stax-api-1.0.1.jar;D:\Repositories\maven2\com\netflix\netflix-commons\netflix-eventbus\0.3.0\netflix-eventbus-0.3.0.jar;D:\Repositories\maven2\com\netflix\netflix-commons\netflix-infix\0.3.0\netflix-infix-0.3.0.jar;D:\Repositories\maven2\commons-jxpath\commons-jxpath\1.3\commons-jxpath-1.3.jar;D:\Repositories\maven2\org\antlr\antlr-runtime\3.4\antlr-runtime-3.4.jar;D:\Repositories\maven2\org\antlr\stringtemplate\3.2.1\stringtemplate-3.2.1.jar;D:\Repositories\maven2\antlr\antlr\2.7.7\antlr-2.7.7.jar;D:\Repositories\maven2\org\apache\commons\commons-math\2.2\commons-math-2.2.jar;D:\Repositories\maven2\javax\ws\rs\jsr311-api\1.1.1\jsr311-api-1.1.1.jar;D:\Repositories\maven2\com\netflix\servo\servo-core\0.12.21\servo-core-0.12.21.jar;D:\Repositories\maven2\com\sun\jersey\jersey-core\1.19.1\jersey-core-1.19.1.jar;D:\Repositories\maven2\com\sun\jersey\jersey-client\1.19.1\jersey-client-1.19.1.jar;D:\Repositories\maven2\com\sun\jersey\contribs\jersey-apache-client4\1.19.1\jersey-apache-client4-1.19.1.jar;D:\Repositories\maven2\org\apache\httpcomponents\httpclient\4.5.3\httpclient-4.5.3.jar;D:\Repositories\maven2\org\apache\httpcomponents\httpcore\4.4.6\httpcore-4.4.6.jar;D:\Repositories\maven2\commons-codec\commons-codec\1.9\commons-codec-1.9.jar;D:\Repositories\maven2\com\google\inject\guice\4.1.0\guice-4.1.0.jar;D:\Repositories\maven2\aopalliance\aopalliance\1.0\aopalliance-1.0.jar;D:\Repositories\maven2\com\github\vlsi\compactmap\compactmap\1.2.1\compactmap-1.2.1.jar;D:\Repositories\maven2\com\github\andrewoma\dexx\dexx-collections\0.2\dexx-collections-0.2.jar;D:\Repositories\maven2\com\fasterxml\jackson\core\jackson-annotations\2.9.4\jackson-annotations-2.9.4.jar;D:\Repositories\maven2\com\fasterxml\jackson\core\jackson-core\2.9.4\jackson-core-2.9.4.jar;D:\Repositories\maven2\com\fasterxml\jackson\core\jackson-databind\2.9.4\jackson-databind-2.9.4.jar;D:\Repositories\maven2\com\sun\jersey\jersey-servlet\1.19.1\jersey-servlet-1.19.1.jar;D:\Repositories\maven2\com\sun\jersey\jersey-server\1.19.1\jersey-server-1.19.1.jar;D:\Repositories\maven2\com\netflix\eureka\eureka-core\1.9.12\eureka-core-1.9.12.jar;D:\Repositories\maven2\com\amazonaws\aws-java-sdk-core\1.11.277\aws-java-sdk-core-1.11.277.jar;D:\Repositories\maven2\commons-logging\commons-logging\1.1.3\commons-logging-1.1.3.jar;D:\Repositories\maven2\software\amazon\ion\ion-java\1.0.2\ion-java-1.0.2.jar;D:\Repositories\maven2\com\fasterxml\jackson\dataformat\jackson-dataformat-cbor\2.6.7\jackson-dataformat-cbor-2.6.7.jar;D:\Repositories\maven2\joda-time\joda-time\2.8.1\joda-time-2.8.1.jar;D:\Repositories\maven2\com\amazonaws\aws-java-sdk-ec2\1.11.277\aws-java-sdk-ec2-1.11.277.jar;D:\Repositories\maven2\com\amazonaws\jmespath-java\1.11.277\jmespath-java-1.11.277.jar;D:\Repositories\maven2\com\amazonaws\aws-java-sdk-autoscaling\1.11.277\aws-java-sdk-autoscaling-1.11.277.jar;D:\Repositories\maven2\com\amazonaws\aws-java-sdk-sts\1.11.277\aws-java-sdk-sts-1.11.277.jar;D:\Repositories\maven2\com\amazonaws\aws-java-sdk-route53\1.11.277\aws-java-sdk-route53-1.11.277.jar;D:\Repositories\maven2\javax\servlet\servlet-api\2.5\servlet-api-2.5.jar;D:\Repositories\maven2\com\fasterxml\woodstox\woodstox-core\5.2.1\woodstox-core-5.2.1.jar;D:\Repositories\maven2\com\netflix\archaius\archaius-core\0.7.6\archaius-core-0.7.6.jar;D:\Repositories\maven2\com\google\code\findbugs\jsr305\3.0.1\jsr305-3.0.1.jar;D:\Repositories\maven2\com\google\guava\guava\16.0\guava-16.0.jar;D:\Repositories\maven2\javax\inject\javax.inject\1\javax.inject-1.jar;D:\Repositories\maven2\com\fasterxml\jackson\dataformat\jackson-dataformat-xml\2.9.8\jackson-dataformat-xml-2.9.8.jar;D:\Repositories\maven2\com\fasterxml\jackson\module\jackson-module-jaxb-annotations\2.9.8\jackson-module-jaxb-annotations-2.9.8.jar;D:\Repositories\maven2\org\codehaus\woodstox\stax2-api\3.1.4\stax2-api-3.1.4.jar;D:\Repositories\maven2\com\thoughtworks\xstream\xstream\1.4.10\xstream-1.4.10.jar;D:\Repositories\maven2\xmlpull\xmlpull\1.1.3.1\xmlpull-1.1.3.1.jar;D:\Repositories\maven2\xpp3\xpp3_min\1.1.4c\xpp3_min-1.1.4c.jar;D:\Repositories\maven2\org\springframework\cloud\spring-cloud-starter-netflix-archaius\2.1.2.RELEASE\spring-cloud-starter-netflix-archaius-2.1.2.RELEASE.jar;D:\Repositories\maven2\org\springframework\cloud\spring-cloud-netflix-ribbon\2.1.2.RELEASE\spring-cloud-netflix-ribbon-2.1.2.RELEASE.jar;D:\Repositories\maven2\org\springframework\cloud\spring-cloud-netflix-archaius\2.1.2.RELEASE\spring-cloud-netflix-archaius-2.1.2.RELEASE.jar;D:\Repositories\maven2\commons-configuration\commons-configuration\1.8\commons-configuration-1.8.jar;D:\Repositories\maven2\commons-lang\commons-lang\2.6\commons-lang-2.6.jar;D:\Repositories\maven2\org\springframework\cloud\spring-cloud-starter-netflix-ribbon\2.1.2.RELEASE\spring-cloud-starter-netflix-ribbon-2.1.2.RELEASE.jar;D:\Repositories\maven2\com\netflix\ribbon\ribbon\2.3.0\ribbon-2.3.0.jar;D:\Repositories\maven2\com\netflix\ribbon\ribbon-transport\2.3.0\ribbon-transport-2.3.0.jar;D:\Repositories\maven2\io\reactivex\rxnetty-contexts\0.4.9\rxnetty-contexts-0.4.9.jar;D:\Repositories\maven2\io\reactivex\rxnetty-servo\0.4.9\rxnetty-servo-0.4.9.jar;D:\Repositories\maven2\com\netflix\hystrix\hystrix-core\1.4.3\hystrix-core-1.4.3.jar;D:\Repositories\maven2\io\reactivex\rxnetty\0.4.9\rxnetty-0.4.9.jar;D:\Repositories\maven2\com\netflix\ribbon\ribbon-core\2.3.0\ribbon-core-2.3.0.jar;D:\Repositories\maven2\com\netflix\ribbon\ribbon-httpclient\2.3.0\ribbon-httpclient-2.3.0.jar;D:\Repositories\maven2\commons-collections\commons-collections\3.2.2\commons-collections-3.2.2.jar;D:\Repositories\maven2\com\netflix\netflix-commons\netflix-commons-util\0.1.1\netflix-commons-util-0.1.1.jar;D:\Repositories\maven2\com\netflix\ribbon\ribbon-loadbalancer\2.3.0\ribbon-loadbalancer-2.3.0.jar;D:\Repositories\maven2\com\netflix\netflix-commons\netflix-statistics\0.1.1\netflix-statistics-0.1.1.jar;D:\Repositories\maven2\io\reactivex\rxjava\1.2.0\rxjava-1.2.0.jar;D:\Repositories\maven2\com\netflix\ribbon\ribbon-eureka\2.3.0\ribbon-eureka-2.3.0.jar;D:\Repositories\maven2\org\apache\maven\surefire\surefire-junit4\2.22.1\surefire-junit4-2.22.1.jar"/>
    <property name="java.vm.vendor" value="Oracle Corporation"/>
    <property name="sun.arch.data.model" value="64"/>
    <property name="user.variant" value=""/>
    <property name="java.vendor.url" value="http://java.oracle.com/"/>
    <property name="user.timezone" value="Asia/Shanghai"/>
    <property name="java.vm.specification.version" value="1.8"/>
    <property name="os.name" value="Windows 7"/>
    <property name="user.country" value="CN"/>
    <property name="sun.java.launcher" value="SUN_STANDARD"/>
    <property name="sun.boot.library.path" value="C:\Program Files\Java\jdk1.8.0_91\jre\bin"/>
    <property name="sun.java.command" value="org.apache.maven.surefire.booter.ForkedBooter C:\Users\liujianjun\AppData\Local\Temp\surefire8374157182453909068 2020-09-03T14-26-43_300-jvmRun1 surefire4002826734021498059tmp surefire_96531142642738806317tmp"/>
    <property name="surefire.test.class.path" value="D:\111\Sentinel-master\Sentinel-master\sentinel-extension\sentinel-datasource-eureka\target\test-classes;D:\111\Sentinel-master\Sentinel-master\sentinel-extension\sentinel-datasource-eureka\target\classes;D:\111\Sentinel-master\Sentinel-master\sentinel-extension\sentinel-datasource-extension\target\sentinel-datasource-extension-1.8.1-SNAPSHOT.jar;D:\111\Sentinel-master\Sentinel-master\sentinel-core\target\sentinel-core-1.8.1-SNAPSHOT.jar;D:\Repositories\maven2\com\alibaba\fastjson\1.2.71\fastjson-1.2.71.jar;D:\Repositories\maven2\junit\junit\4.12\junit-4.12.jar;D:\Repositories\maven2\org\hamcrest\hamcrest-core\1.3\hamcrest-core-1.3.jar;D:\Repositories\maven2\org\awaitility\awaitility\3.1.5\awaitility-3.1.5.jar;D:\Repositories\maven2\org\hamcrest\hamcrest-library\1.3\hamcrest-library-1.3.jar;D:\Repositories\maven2\org\objenesis\objenesis\2.6\objenesis-2.6.jar;D:\Repositories\maven2\org\springframework\boot\spring-boot-starter-test\2.1.2.RELEASE\spring-boot-starter-test-2.1.2.RELEASE.jar;D:\Repositories\maven2\org\springframework\boot\spring-boot-starter\2.1.2.RELEASE\spring-boot-starter-2.1.2.RELEASE.jar;D:\Repositories\maven2\org\springframework\boot\spring-boot\2.1.2.RELEASE\spring-boot-2.1.2.RELEASE.jar;D:\Repositories\maven2\org\springframework\spring-context\5.1.4.RELEASE\spring-context-5.1.4.RELEASE.jar;D:\Repositories\maven2\org\springframework\spring-aop\5.1.4.RELEASE\spring-aop-5.1.4.RELEASE.jar;D:\Repositories\maven2\org\springframework\spring-beans\5.1.4.RELEASE\spring-beans-5.1.4.RELEASE.jar;D:\Repositories\maven2\org\springframework\spring-expression\5.1.4.RELEASE\spring-expression-5.1.4.RELEASE.jar;D:\Repositories\maven2\org\springframework\boot\spring-boot-autoconfigure\2.1.2.RELEASE\spring-boot-autoconfigure-2.1.2.RELEASE.jar;D:\Repositories\maven2\org\springframework\boot\spring-boot-starter-logging\2.1.2.RELEASE\spring-boot-starter-logging-2.1.2.RELEASE.jar;D:\Repositories\maven2\ch\qos\logback\logback-classic\1.2.3\logback-classic-1.2.3.jar;D:\Repositories\maven2\ch\qos\logback\logback-core\1.2.3\logback-core-1.2.3.jar;D:\Repositories\maven2\org\apache\logging\log4j\log4j-to-slf4j\2.11.1\log4j-to-slf4j-2.11.1.jar;D:\Repositories\maven2\org\apache\logging\log4j\log4j-api\2.11.1\log4j-api-2.11.1.jar;D:\Repositories\maven2\org\slf4j\jul-to-slf4j\1.7.25\jul-to-slf4j-1.7.25.jar;D:\Repositories\maven2\javax\annotation\javax.annotation-api\1.3.2\javax.annotation-api-1.3.2.jar;D:\Repositories\maven2\org\yaml\snakeyaml\1.23\snakeyaml-1.23.jar;D:\Repositories\maven2\org\springframework\boot\spring-boot-test\2.1.2.RELEASE\spring-boot-test-2.1.2.RELEASE.jar;D:\Repositories\maven2\org\springframework\boot\spring-boot-test-autoconfigure\2.1.2.RELEASE\spring-boot-test-autoconfigure-2.1.2.RELEASE.jar;D:\Repositories\maven2\com\jayway\jsonpath\json-path\2.4.0\json-path-2.4.0.jar;D:\Repositories\maven2\net\minidev\json-smart\2.3\json-smart-2.3.jar;D:\Repositories\maven2\net\minidev\accessors-smart\1.2\accessors-smart-1.2.jar;D:\Repositories\maven2\org\ow2\asm\asm\5.0.4\asm-5.0.4.jar;D:\Repositories\maven2\org\slf4j\slf4j-api\1.7.25\slf4j-api-1.7.25.jar;D:\Repositories\maven2\org\assertj\assertj-core\3.12.1\assertj-core-3.12.1.jar;D:\Repositories\maven2\org\mockito\mockito-core\2.28.2\mockito-core-2.28.2.jar;D:\Repositories\maven2\net\bytebuddy\byte-buddy\1.9.10\byte-buddy-1.9.10.jar;D:\Repositories\maven2\net\bytebuddy\byte-buddy-agent\1.9.10\byte-buddy-agent-1.9.10.jar;D:\Repositories\maven2\org\skyscreamer\jsonassert\1.5.0\jsonassert-1.5.0.jar;D:\Repositories\maven2\com\vaadin\external\google\android-json\0.0.20131108.vaadin1\android-json-0.0.20131108.vaadin1.jar;D:\Repositories\maven2\org\springframework\spring-core\5.1.4.RELEASE\spring-core-5.1.4.RELEASE.jar;D:\Repositories\maven2\org\springframework\spring-jcl\5.1.4.RELEASE\spring-jcl-5.1.4.RELEASE.jar;D:\Repositories\maven2\org\springframework\spring-test\5.1.4.RELEASE\spring-test-5.1.4.RELEASE.jar;D:\Repositories\maven2\org\xmlunit\xmlunit-core\2.6.2\xmlunit-core-2.6.2.jar;D:\Repositories\maven2\org\springframework\cloud\spring-cloud-starter-netflix-eureka-server\2.1.2.RELEASE\spring-cloud-starter-netflix-eureka-server-2.1.2.RELEASE.jar;D:\Repositories\maven2\org\springframework\cloud\spring-cloud-starter\2.1.2.RELEASE\spring-cloud-starter-2.1.2.RELEASE.jar;D:\Repositories\maven2\org\springframework\cloud\spring-cloud-context\2.1.2.RELEASE\spring-cloud-context-2.1.2.RELEASE.jar;D:\Repositories\maven2\org\springframework\security\spring-security-crypto\5.1.5.RELEASE\spring-security-crypto-5.1.5.RELEASE.jar;D:\Repositories\maven2\org\springframework\cloud\spring-cloud-commons\2.1.2.RELEASE\spring-cloud-commons-2.1.2.RELEASE.jar;D:\Repositories\maven2\org\springframework\security\spring-security-rsa\1.0.7.RELEASE\spring-security-rsa-1.0.7.RELEASE.jar;D:\Repositories\maven2\org\bouncycastle\bcpkix-jdk15on\1.60\bcpkix-jdk15on-1.60.jar;D:\Repositories\maven2\org\bouncycastle\bcprov-jdk15on\1.60\bcprov-jdk15on-1.60.jar;D:\Repositories\maven2\org\springframework\cloud\spring-cloud-netflix-eureka-server\2.1.2.RELEASE\spring-cloud-netflix-eureka-server-2.1.2.RELEASE.jar;D:\Repositories\maven2\org\springframework\boot\spring-boot-starter-web\2.1.5.RELEASE\spring-boot-starter-web-2.1.5.RELEASE.jar;D:\Repositories\maven2\org\springframework\boot\spring-boot-starter-json\2.1.5.RELEASE\spring-boot-starter-json-2.1.5.RELEASE.jar;D:\Repositories\maven2\com\fasterxml\jackson\datatype\jackson-datatype-jdk8\2.9.8\jackson-datatype-jdk8-2.9.8.jar;D:\Repositories\maven2\com\fasterxml\jackson\datatype\jackson-datatype-jsr310\2.9.8\jackson-datatype-jsr310-2.9.8.jar;D:\Repositories\maven2\com\fasterxml\jackson\module\jackson-module-parameter-names\2.9.8\jackson-module-parameter-names-2.9.8.jar;D:\Repositories\maven2\org\springframework\boot\spring-boot-starter-tomcat\2.1.5.RELEASE\spring-boot-starter-tomcat-2.1.5.RELEASE.jar;D:\Repositories\maven2\org\apache\tomcat\embed\tomcat-embed-core\9.0.19\tomcat-embed-core-9.0.19.jar;D:\Repositories\maven2\org\apache\tomcat\embed\tomcat-embed-el\9.0.19\tomcat-embed-el-9.0.19.jar;D:\Repositories\maven2\org\apache\tomcat\embed\tomcat-embed-websocket\9.0.19\tomcat-embed-websocket-9.0.19.jar;D:\Repositories\maven2\org\hibernate\validator\hibernate-validator\6.0.16.Final\hibernate-validator-6.0.16.Final.jar;D:\Repositories\maven2\javax\validation\validation-api\2.0.1.Final\validation-api-2.0.1.Final.jar;D:\Repositories\maven2\org\jboss\logging\jboss-logging\3.3.2.Final\jboss-logging-3.3.2.Final.jar;D:\Repositories\maven2\com\fasterxml\classmate\1.3.4\classmate-1.3.4.jar;D:\Repositories\maven2\org\springframework\spring-web\5.1.7.RELEASE\spring-web-5.1.7.RELEASE.jar;D:\Repositories\maven2\org\springframework\spring-webmvc\5.1.7.RELEASE\spring-webmvc-5.1.7.RELEASE.jar;D:\Repositories\maven2\org\springframework\boot\spring-boot-starter-actuator\2.1.5.RELEASE\spring-boot-starter-actuator-2.1.5.RELEASE.jar;D:\Repositories\maven2\org\springframework\boot\spring-boot-actuator-autoconfigure\2.1.5.RELEASE\spring-boot-actuator-autoconfigure-2.1.5.RELEASE.jar;D:\Repositories\maven2\org\springframework\boot\spring-boot-actuator\2.1.5.RELEASE\spring-boot-actuator-2.1.5.RELEASE.jar;D:\Repositories\maven2\io\micrometer\micrometer-core\1.1.4\micrometer-core-1.1.4.jar;D:\Repositories\maven2\org\hdrhistogram\HdrHistogram\2.1.9\HdrHistogram-2.1.9.jar;D:\Repositories\maven2\org\latencyutils\LatencyUtils\2.0.3\LatencyUtils-2.0.3.jar;D:\Repositories\maven2\org\springframework\boot\spring-boot-starter-freemarker\2.1.5.RELEASE\spring-boot-starter-freemarker-2.1.5.RELEASE.jar;D:\Repositories\maven2\org\freemarker\freemarker\2.3.28\freemarker-2.3.28.jar;D:\Repositories\maven2\org\springframework\spring-context-support\5.1.7.RELEASE\spring-context-support-5.1.7.RELEASE.jar;D:\Repositories\maven2\org\springframework\cloud\spring-cloud-netflix-hystrix\2.1.2.RELEASE\spring-cloud-netflix-hystrix-2.1.2.RELEASE.jar;D:\Repositories\maven2\org\springframework\boot\spring-boot-starter-aop\2.1.5.RELEASE\spring-boot-starter-aop-2.1.5.RELEASE.jar;D:\Repositories\maven2\org\aspectj\aspectjweaver\1.9.4\aspectjweaver-1.9.4.jar;D:\Repositories\maven2\org\springframework\cloud\spring-cloud-netflix-eureka-client\2.1.2.RELEASE\spring-cloud-netflix-eureka-client-2.1.2.RELEASE.jar;D:\Repositories\maven2\com\netflix\eureka\eureka-client\1.9.12\eureka-client-1.9.12.jar;D:\Repositories\maven2\org\codehaus\jettison\jettison\1.3.7\jettison-1.3.7.jar;D:\Repositories\maven2\stax\stax-api\1.0.1\stax-api-1.0.1.jar;D:\Repositories\maven2\com\netflix\netflix-commons\netflix-eventbus\0.3.0\netflix-eventbus-0.3.0.jar;D:\Repositories\maven2\com\netflix\netflix-commons\netflix-infix\0.3.0\netflix-infix-0.3.0.jar;D:\Repositories\maven2\commons-jxpath\commons-jxpath\1.3\commons-jxpath-1.3.jar;D:\Repositories\maven2\org\antlr\antlr-runtime\3.4\antlr-runtime-3.4.jar;D:\Repositories\maven2\org\antlr\stringtemplate\3.2.1\stringtemplate-3.2.1.jar;D:\Repositories\maven2\antlr\antlr\2.7.7\antlr-2.7.7.jar;D:\Repositories\maven2\org\apache\commons\commons-math\2.2\commons-math-2.2.jar;D:\Repositories\maven2\javax\ws\rs\jsr311-api\1.1.1\jsr311-api-1.1.1.jar;D:\Repositories\maven2\com\netflix\servo\servo-core\0.12.21\servo-core-0.12.21.jar;D:\Repositories\maven2\com\sun\jersey\jersey-core\1.19.1\jersey-core-1.19.1.jar;D:\Repositories\maven2\com\sun\jersey\jersey-client\1.19.1\jersey-client-1.19.1.jar;D:\Repositories\maven2\com\sun\jersey\contribs\jersey-apache-client4\1.19.1\jersey-apache-client4-1.19.1.jar;D:\Repositories\maven2\org\apache\httpcomponents\httpclient\4.5.3\httpclient-4.5.3.jar;D:\Repositories\maven2\org\apache\httpcomponents\httpcore\4.4.6\httpcore-4.4.6.jar;D:\Repositories\maven2\commons-codec\commons-codec\1.9\commons-codec-1.9.jar;D:\Repositories\maven2\com\google\inject\guice\4.1.0\guice-4.1.0.jar;D:\Repositories\maven2\aopalliance\aopalliance\1.0\aopalliance-1.0.jar;D:\Repositories\maven2\com\github\vlsi\compactmap\compactmap\1.2.1\compactmap-1.2.1.jar;D:\Repositories\maven2\com\github\andrewoma\dexx\dexx-collections\0.2\dexx-collections-0.2.jar;D:\Repositories\maven2\com\fasterxml\jackson\core\jackson-annotations\2.9.4\jackson-annotations-2.9.4.jar;D:\Repositories\maven2\com\fasterxml\jackson\core\jackson-core\2.9.4\jackson-core-2.9.4.jar;D:\Repositories\maven2\com\fasterxml\jackson\core\jackson-databind\2.9.4\jackson-databind-2.9.4.jar;D:\Repositories\maven2\com\sun\jersey\jersey-servlet\1.19.1\jersey-servlet-1.19.1.jar;D:\Repositories\maven2\com\sun\jersey\jersey-server\1.19.1\jersey-server-1.19.1.jar;D:\Repositories\maven2\com\netflix\eureka\eureka-core\1.9.12\eureka-core-1.9.12.jar;D:\Repositories\maven2\com\amazonaws\aws-java-sdk-core\1.11.277\aws-java-sdk-core-1.11.277.jar;D:\Repositories\maven2\commons-logging\commons-logging\1.1.3\commons-logging-1.1.3.jar;D:\Repositories\maven2\software\amazon\ion\ion-java\1.0.2\ion-java-1.0.2.jar;D:\Repositories\maven2\com\fasterxml\jackson\dataformat\jackson-dataformat-cbor\2.6.7\jackson-dataformat-cbor-2.6.7.jar;D:\Repositories\maven2\joda-time\joda-time\2.8.1\joda-time-2.8.1.jar;D:\Repositories\maven2\com\amazonaws\aws-java-sdk-ec2\1.11.277\aws-java-sdk-ec2-1.11.277.jar;D:\Repositories\maven2\com\amazonaws\jmespath-java\1.11.277\jmespath-java-1.11.277.jar;D:\Repositories\maven2\com\amazonaws\aws-java-sdk-autoscaling\1.11.277\aws-java-sdk-autoscaling-1.11.277.jar;D:\Repositories\maven2\com\amazonaws\aws-java-sdk-sts\1.11.277\aws-java-sdk-sts-1.11.277.jar;D:\Repositories\maven2\com\amazonaws\aws-java-sdk-route53\1.11.277\aws-java-sdk-route53-1.11.277.jar;D:\Repositories\maven2\javax\servlet\servlet-api\2.5\servlet-api-2.5.jar;D:\Repositories\maven2\com\fasterxml\woodstox\woodstox-core\5.2.1\woodstox-core-5.2.1.jar;D:\Repositories\maven2\com\netflix\archaius\archaius-core\0.7.6\archaius-core-0.7.6.jar;D:\Repositories\maven2\com\google\code\findbugs\jsr305\3.0.1\jsr305-3.0.1.jar;D:\Repositories\maven2\com\google\guava\guava\16.0\guava-16.0.jar;D:\Repositories\maven2\javax\inject\javax.inject\1\javax.inject-1.jar;D:\Repositories\maven2\com\fasterxml\jackson\dataformat\jackson-dataformat-xml\2.9.8\jackson-dataformat-xml-2.9.8.jar;D:\Repositories\maven2\com\fasterxml\jackson\module\jackson-module-jaxb-annotations\2.9.8\jackson-module-jaxb-annotations-2.9.8.jar;D:\Repositories\maven2\org\codehaus\woodstox\stax2-api\3.1.4\stax2-api-3.1.4.jar;D:\Repositories\maven2\com\thoughtworks\xstream\xstream\1.4.10\xstream-1.4.10.jar;D:\Repositories\maven2\xmlpull\xmlpull\1.1.3.1\xmlpull-1.1.3.1.jar;D:\Repositories\maven2\xpp3\xpp3_min\1.1.4c\xpp3_min-1.1.4c.jar;D:\Repositories\maven2\org\springframework\cloud\spring-cloud-starter-netflix-archaius\2.1.2.RELEASE\spring-cloud-starter-netflix-archaius-2.1.2.RELEASE.jar;D:\Repositories\maven2\org\springframework\cloud\spring-cloud-netflix-ribbon\2.1.2.RELEASE\spring-cloud-netflix-ribbon-2.1.2.RELEASE.jar;D:\Repositories\maven2\org\springframework\cloud\spring-cloud-netflix-archaius\2.1.2.RELEASE\spring-cloud-netflix-archaius-2.1.2.RELEASE.jar;D:\Repositories\maven2\commons-configuration\commons-configuration\1.8\commons-configuration-1.8.jar;D:\Repositories\maven2\commons-lang\commons-lang\2.6\commons-lang-2.6.jar;D:\Repositories\maven2\org\springframework\cloud\spring-cloud-starter-netflix-ribbon\2.1.2.RELEASE\spring-cloud-starter-netflix-ribbon-2.1.2.RELEASE.jar;D:\Repositories\maven2\com\netflix\ribbon\ribbon\2.3.0\ribbon-2.3.0.jar;D:\Repositories\maven2\com\netflix\ribbon\ribbon-transport\2.3.0\ribbon-transport-2.3.0.jar;D:\Repositories\maven2\io\reactivex\rxnetty-contexts\0.4.9\rxnetty-contexts-0.4.9.jar;D:\Repositories\maven2\io\reactivex\rxnetty-servo\0.4.9\rxnetty-servo-0.4.9.jar;D:\Repositories\maven2\com\netflix\hystrix\hystrix-core\1.4.3\hystrix-core-1.4.3.jar;D:\Repositories\maven2\io\reactivex\rxnetty\0.4.9\rxnetty-0.4.9.jar;D:\Repositories\maven2\com\netflix\ribbon\ribbon-core\2.3.0\ribbon-core-2.3.0.jar;D:\Repositories\maven2\com\netflix\ribbon\ribbon-httpclient\2.3.0\ribbon-httpclient-2.3.0.jar;D:\Repositories\maven2\commons-collections\commons-collections\3.2.2\commons-collections-3.2.2.jar;D:\Repositories\maven2\com\netflix\netflix-commons\netflix-commons-util\0.1.1\netflix-commons-util-0.1.1.jar;D:\Repositories\maven2\com\netflix\ribbon\ribbon-loadbalancer\2.3.0\ribbon-loadbalancer-2.3.0.jar;D:\Repositories\maven2\com\netflix\netflix-commons\netflix-statistics\0.1.1\netflix-statistics-0.1.1.jar;D:\Repositories\maven2\io\reactivex\rxjava\1.2.0\rxjava-1.2.0.jar;D:\Repositories\maven2\com\netflix\ribbon\ribbon-eureka\2.3.0\ribbon-eureka-2.3.0.jar;"/>
    <property name="sun.cpu.endian" value="little"/>
    <property name="user.home" value="C:\Users\liujianjun"/>
    <property name="user.language" value="zh"/>
    <property name="java.specification.vendor" value="Oracle Corporation"/>
    <property name="java.home" value="C:\Program Files\Java\jdk1.8.0_91\jre"/>
    <property name="basedir" value="D:\111\Sentinel-master\Sentinel-master\sentinel-extension\sentinel-datasource-eureka"/>
    <property name="file.separator" value="\"/>
    <property name="line.separator" value="&#10;"/>
    <property name="java.vm.specification.vendor" value="Oracle Corporation"/>
    <property name="java.specification.name" value="Java Platform API Specification"/>
    <property name="java.awt.graphicsenv" value="sun.awt.Win32GraphicsEnvironment"/>
    <property name="sun.boot.class.path" value="C:\Program Files\Java\jdk1.8.0_91\jre\lib\resources.jar;C:\Program Files\Java\jdk1.8.0_91\jre\lib\rt.jar;C:\Program Files\Java\jdk1.8.0_91\jre\lib\sunrsasign.jar;C:\Program Files\Java\jdk1.8.0_91\jre\lib\jsse.jar;C:\Program Files\Java\jdk1.8.0_91\jre\lib\jce.jar;C:\Program Files\Java\jdk1.8.0_91\jre\lib\charsets.jar;C:\Program Files\Java\jdk1.8.0_91\jre\lib\jfr.jar;C:\Program Files\Java\jdk1.8.0_91\jre\classes"/>
    <property name="user.script" value=""/>
    <property name="sun.management.compiler" value="HotSpot 64-Bit Tiered Compilers"/>
    <property name="java.runtime.version" value="1.8.0_91-b15"/>
    <property name="user.name" value="liujianjun"/>
    <property name="path.separator" value=";"/>
    <property name="os.version" value="6.1"/>
    <property name="java.endorsed.dirs" value="C:\Program Files\Java\jdk1.8.0_91\jre\lib\endorsed"/>
    <property name="java.runtime.name" value="Java(TM) SE Runtime Environment"/>
    <property name="file.encoding" value="UTF-8"/>
    <property name="java.vm.name" value="Java HotSpot(TM) 64-Bit Server VM"/>
    <property name="localRepository" value="D:\Repositories\maven2"/>
    <property name="java.vendor.url.bug" value="http://bugreport.sun.com/bugreport/"/>
    <property name="java.io.tmpdir" value="C:\Users\LIUJIA~1\AppData\Local\Temp\"/>
    <property name="idea.version" value="2017.1"/>
    <property name="java.version" value="1.8.0_91"/>
    <property name="user.dir" value="D:\111\Sentinel-master\Sentinel-master\sentinel-extension\sentinel-datasource-eureka"/>
    <property name="os.arch" value="amd64"/>
    <property name="java.vm.specification.name" value="Java Virtual Machine Specification"/>
    <property name="java.awt.printerjob" value="sun.awt.windows.WPrinterJob"/>
    <property name="sun.os.patch.level" value="Service Pack 1"/>
    <property name="java.library.path" value="C:\Program Files\Java\jdk1.8.0_91\jre\bin;C:\windows\Sun\Java\bin;C:\windows\system32;C:\windows;C:\ProgramData\Oracle\Java\javapath;C:\Program Files\Java\jdk1.8.0_91\bin;D:\apache-maven-3.0.4\bin;D:\Program Files\SlikSvn\bin;C:\strawberry\c\bin;C:\strawberry\perl\bin;D:\3.0ftp\boot\mysql-5.5.51-win32\bin;C:\windows\system32;C:\MinGW\bin;C:\Python27;C:\Python27\Scripts;D:\Program Files (x86)\opencv\build;E:\Program Files\Git\cmd;C:\Users\liujianjun\AppData\Local\Programs\Python\Python36-32\Scripts\;C:\Users\liujianjun\AppData\Local\Programs\Python\Python36-32\;d:\Program Files (x86)\SSH Communications Security\SSH Secure Shell;C:\Users\liujianjun\AppData\Local\Programs\Fiddler;C:\Users\liujianjun\AppData\Local\BypassRuntm;."/>
    <property name="java.vm.info" value="mixed mode"/>
    <property name="java.vendor" value="Oracle Corporation"/>
    <property name="java.vm.version" value="25.91-b15"/>
    <property name="java.ext.dirs" value="C:\Program Files\Java\jdk1.8.0_91\jre\lib\ext;C:\windows\Sun\Java\lib\ext"/>
    <property name="sun.io.unicode.encoding" value="UnicodeLittle"/>
    <property name="java.class.version" value="52.0"/>
  </properties>
  <testcase name="testEurekaDataSource" classname="com.alibaba.csp.sentinel.datasource.eureka.EurekaDataSourceTest" time="10.693"/>
</testsuite>