<?xml version="1.0" encoding="UTF-8"?>
<testsuite xmlns:xsi="http://www.w3.org/2001/XMLSchema-instance" xsi:noNamespaceSchemaLocation="https://maven.apache.org/surefire/maven-surefire-plugin/xsd/surefire-test-report.xsd" name="com.alibaba.csp.sentinel.adapter.jaxrs.ClientFilterTest" time="14.602" tests="11" errors="0" skipped="0" failures="0">
  <properties>
    <property name="sun.desktop" value="windows"/>
    <property name="awt.toolkit" value="sun.awt.windows.WToolkit"/>
    <property name="file.encoding.pkg" value="sun.io"/>
    <property name="java.specification.version" value="1.8"/>
    <property name="sun.cpu.isalist" value="amd64"/>
    <property name="sun.jnu.encoding" value="GBK"/>
    <property name="java.class.path" value="D:\Repositories\maven2\org\apache\maven\surefire\surefire-booter\2.22.1\surefire-booter-2.22.1.jar;D:\Repositories\maven2\org\apache\maven\surefire\surefire-api\2.22.1\surefire-api-2.22.1.jar;D:\Repositories\maven2\org\apache\maven\surefire\surefire-logger-api\2.22.1\surefire-logger-api-2.22.1.jar;D:\111\Sentinel-master\Sentinel-master\sentinel-adapter\sentinel-jax-rs-adapter\target\test-classes;D:\111\Sentinel-master\Sentinel-master\sentinel-adapter\sentinel-jax-rs-adapter\target\classes;D:\111\Sentinel-master\Sentinel-master\sentinel-core\target\sentinel-core-1.8.1-SNAPSHOT.jar;D:\Repositories\maven2\javax\ws\rs\javax.ws.rs-api\2.1.1\javax.ws.rs-api-2.1.1.jar;D:\Repositories\maven2\junit\junit\4.12\junit-4.12.jar;D:\Repositories\maven2\org\hamcrest\hamcrest-core\1.3\hamcrest-core-1.3.jar;D:\Repositories\maven2\org\springframework\boot\spring-boot-starter-web\2.2.6.RELEASE\spring-boot-starter-web-2.2.6.RELEASE.jar;D:\Repositories\maven2\org\springframework\boot\spring-boot-starter\2.2.6.RELEASE\spring-boot-starter-2.2.6.RELEASE.jar;D:\Repositories\maven2\org\springframework\boot\spring-boot\2.2.6.RELEASE\spring-boot-2.2.6.RELEASE.jar;D:\Repositories\maven2\org\springframework\boot\spring-boot-autoconfigure\2.2.6.RELEASE\spring-boot-autoconfigure-2.2.6.RELEASE.jar;D:\Repositories\maven2\org\springframework\boot\spring-boot-starter-logging\2.2.6.RELEASE\spring-boot-starter-logging-2.2.6.RELEASE.jar;D:\Repositories\maven2\ch\qos\logback\logback-classic\1.2.3\logback-classic-1.2.3.jar;D:\Repositories\maven2\ch\qos\logback\logback-core\1.2.3\logback-core-1.2.3.jar;D:\Repositories\maven2\org\apache\logging\log4j\log4j-to-slf4j\2.12.1\log4j-to-slf4j-2.12.1.jar;D:\Repositories\maven2\org\apache\logging\log4j\log4j-api\2.12.1\log4j-api-2.12.1.jar;D:\Repositories\maven2\org\slf4j\jul-to-slf4j\1.7.30\jul-to-slf4j-1.7.30.jar;D:\Repositories\maven2\jakarta\annotation\jakarta.annotation-api\1.3.5\jakarta.annotation-api-1.3.5.jar;D:\Repositories\maven2\org\yaml\snakeyaml\1.25\snakeyaml-1.25.jar;D:\Repositories\maven2\org\springframework\boot\spring-boot-starter-json\2.2.6.RELEASE\spring-boot-starter-json-2.2.6.RELEASE.jar;D:\Repositories\maven2\org\springframework\boot\spring-boot-starter-tomcat\2.2.6.RELEASE\spring-boot-starter-tomcat-2.2.6.RELEASE.jar;D:\Repositories\maven2\org\apache\tomcat\embed\tomcat-embed-core\9.0.33\tomcat-embed-core-9.0.33.jar;D:\Repositories\maven2\org\apache\tomcat\embed\tomcat-embed-el\9.0.33\tomcat-embed-el-9.0.33.jar;D:\Repositories\maven2\org\apache\tomcat\embed\tomcat-embed-websocket\9.0.33\tomcat-embed-websocket-9.0.33.jar;D:\Repositories\maven2\org\springframework\boot\spring-boot-starter-validation\2.2.6.RELEASE\spring-boot-starter-validation-2.2.6.RELEASE.jar;D:\Repositories\maven2\org\hibernate\validator\hibernate-validator\6.0.18.Final\hibernate-validator-6.0.18.Final.jar;D:\Repositories\maven2\com\fasterxml\classmate\1.3.4\classmate-1.3.4.jar;D:\Repositories\maven2\org\springframework\spring-web\5.2.5.RELEASE\spring-web-5.2.5.RELEASE.jar;D:\Repositories\maven2\org\springframework\spring-beans\5.2.5.RELEASE\spring-beans-5.2.5.RELEASE.jar;D:\Repositories\maven2\org\springframework\spring-webmvc\5.2.5.RELEASE\spring-webmvc-5.2.5.RELEASE.jar;D:\Repositories\maven2\org\springframework\spring-aop\5.2.5.RELEASE\spring-aop-5.2.5.RELEASE.jar;D:\Repositories\maven2\org\springframework\spring-context\5.2.5.RELEASE\spring-context-5.2.5.RELEASE.jar;D:\Repositories\maven2\org\springframework\spring-expression\5.2.5.RELEASE\spring-expression-5.2.5.RELEASE.jar;D:\Repositories\maven2\org\springframework\boot\spring-boot-starter-test\2.2.6.RELEASE\spring-boot-starter-test-2.2.6.RELEASE.jar;D:\Repositories\maven2\org\springframework\boot\spring-boot-test\2.2.6.RELEASE\spring-boot-test-2.2.6.RELEASE.jar;D:\Repositories\maven2\org\springframework\boot\spring-boot-test-autoconfigure\2.2.6.RELEASE\spring-boot-test-autoconfigure-2.2.6.RELEASE.jar;D:\Repositories\maven2\com\jayway\jsonpath\json-path\2.4.0\json-path-2.4.0.jar;D:\Repositories\maven2\net\minidev\json-smart\2.3\json-smart-2.3.jar;D:\Repositories\maven2\net\minidev\accessors-smart\1.2\accessors-smart-1.2.jar;D:\Repositories\maven2\org\ow2\asm\asm\5.0.4\asm-5.0.4.jar;D:\Repositories\maven2\jakarta\xml\bind\jakarta.xml.bind-api\2.3.3\jakarta.xml.bind-api-2.3.3.jar;D:\Repositories\maven2\jakarta\activation\jakarta.activation-api\1.2.2\jakarta.activation-api-1.2.2.jar;D:\Repositories\maven2\org\junit\jupiter\junit-jupiter\5.5.2\junit-jupiter-5.5.2.jar;D:\Repositories\maven2\org\junit\jupiter\junit-jupiter-api\5.5.2\junit-jupiter-api-5.5.2.jar;D:\Repositories\maven2\org\opentest4j\opentest4j\1.2.0\opentest4j-1.2.0.jar;D:\Repositories\maven2\org\junit\platform\junit-platform-commons\1.5.2\junit-platform-commons-1.5.2.jar;D:\Repositories\maven2\org\junit\jupiter\junit-jupiter-params\5.5.2\junit-jupiter-params-5.5.2.jar;D:\Repositories\maven2\org\junit\jupiter\junit-jupiter-engine\5.5.2\junit-jupiter-engine-5.5.2.jar;D:\Repositories\maven2\org\junit\vintage\junit-vintage-engine\5.5.2\junit-vintage-engine-5.5.2.jar;D:\Repositories\maven2\org\apiguardian\apiguardian-api\1.1.0\apiguardian-api-1.1.0.jar;D:\Repositories\maven2\org\junit\platform\junit-platform-engine\1.5.2\junit-platform-engine-1.5.2.jar;D:\Repositories\maven2\org\mockito\mockito-junit-jupiter\3.1.0\mockito-junit-jupiter-3.1.0.jar;D:\Repositories\maven2\org\assertj\assertj-core\3.12.1\assertj-core-3.12.1.jar;D:\Repositories\maven2\org\hamcrest\hamcrest\2.1\hamcrest-2.1.jar;D:\Repositories\maven2\org\mockito\mockito-core\2.28.2\mockito-core-2.28.2.jar;D:\Repositories\maven2\net\bytebuddy\byte-buddy\1.9.10\byte-buddy-1.9.10.jar;D:\Repositories\maven2\net\bytebuddy\byte-buddy-agent\1.9.10\byte-buddy-agent-1.9.10.jar;D:\Repositories\maven2\org\objenesis\objenesis\2.6\objenesis-2.6.jar;D:\Repositories\maven2\org\skyscreamer\jsonassert\1.5.0\jsonassert-1.5.0.jar;D:\Repositories\maven2\com\vaadin\external\google\android-json\0.0.20131108.vaadin1\android-json-0.0.20131108.vaadin1.jar;D:\Repositories\maven2\org\springframework\spring-core\5.2.5.RELEASE\spring-core-5.2.5.RELEASE.jar;D:\Repositories\maven2\org\springframework\spring-jcl\5.2.5.RELEASE\spring-jcl-5.2.5.RELEASE.jar;D:\Repositories\maven2\org\springframework\spring-test\5.2.5.RELEASE\spring-test-5.2.5.RELEASE.jar;D:\Repositories\maven2\org\xmlunit\xmlunit-core\2.6.4\xmlunit-core-2.6.4.jar;D:\Repositories\maven2\io\rest-assured\rest-assured\4.3.0\rest-assured-4.3.0.jar;D:\Repositories\maven2\org\codehaus\groovy\groovy\3.0.2\groovy-3.0.2.jar;D:\Repositories\maven2\org\codehaus\groovy\groovy-xml\3.0.2\groovy-xml-3.0.2.jar;D:\Repositories\maven2\org\apache\httpcomponents\httpclient\4.5.3\httpclient-4.5.3.jar;D:\Repositories\maven2\org\apache\httpcomponents\httpcore\4.4.6\httpcore-4.4.6.jar;D:\Repositories\maven2\commons-logging\commons-logging\1.2\commons-logging-1.2.jar;D:\Repositories\maven2\org\apache\httpcomponents\httpmime\4.5.3\httpmime-4.5.3.jar;D:\Repositories\maven2\org\ccil\cowan\tagsoup\tagsoup\1.2.1\tagsoup-1.2.1.jar;D:\Repositories\maven2\io\rest-assured\json-path\4.3.0\json-path-4.3.0.jar;D:\Repositories\maven2\org\codehaus\groovy\groovy-json\3.0.2\groovy-json-3.0.2.jar;D:\Repositories\maven2\io\rest-assured\rest-assured-common\4.3.0\rest-assured-common-4.3.0.jar;D:\Repositories\maven2\io\rest-assured\xml-path\4.3.0\xml-path-4.3.0.jar;D:\Repositories\maven2\org\apache\commons\commons-lang3\3.4\commons-lang3-3.4.jar;D:\Repositories\maven2\com\sun\xml\bind\jaxb-osgi\2.3.0.1\jaxb-osgi-2.3.0.1.jar;D:\Repositories\maven2\org\apache\sling\org.apache.sling.javax.activation\0.1.0\org.apache.sling.javax.activation-0.1.0.jar;D:\Repositories\maven2\javax\activation\activation\1.1.1\activation-1.1.1.jar;D:\Repositories\maven2\org\jboss\resteasy\resteasy-spring-boot-starter\4.5.1.Final\resteasy-spring-boot-starter-4.5.1.Final.jar;D:\Repositories\maven2\org\jboss\resteasy\resteasy-core\4.5.3.Final\resteasy-core-4.5.3.Final.jar;D:\Repositories\maven2\org\jboss\spec\javax\ws\rs\jboss-jaxrs-api_2.1_spec\2.0.1.Final\jboss-jaxrs-api_2.1_spec-2.0.1.Final.jar;D:\Repositories\maven2\org\jboss\spec\javax\xml\bind\jboss-jaxb-api_2.3_spec\1.0.1.Final\jboss-jaxb-api_2.3_spec-1.0.1.Final.jar;D:\Repositories\maven2\org\reactivestreams\reactive-streams\1.0.3\reactive-streams-1.0.3.jar;D:\Repositories\maven2\org\jboss\spec\javax\annotation\jboss-annotations-api_1.3_spec\2.0.1.Final\jboss-annotations-api_1.3_spec-2.0.1.Final.jar;D:\Repositories\maven2\com\sun\activation\jakarta.activation\1.2.1\jakarta.activation-1.2.1.jar;D:\Repositories\maven2\org\eclipse\microprofile\config\microprofile-config-api\1.4\microprofile-config-api-1.4.jar;D:\Repositories\maven2\io\smallrye\config\smallrye-config\1.6.1\smallrye-config-1.6.1.jar;D:\Repositories\maven2\io\smallrye\config\smallrye-config-common\1.6.1\smallrye-config-common-1.6.1.jar;D:\Repositories\maven2\org\jboss\resteasy\resteasy-core-spi\4.5.3.Final\resteasy-core-spi-4.5.3.Final.jar;D:\Repositories\maven2\org\jboss\resteasy\resteasy-servlet-initializer\4.5.3.Final\resteasy-servlet-initializer-4.5.3.Final.jar;D:\Repositories\maven2\org\jboss\resteasy\resteasy-spring\4.5.3.Final\resteasy-spring-4.5.3.Final.jar;D:\Repositories\maven2\org\jboss\resteasy\resteasy-client\4.5.3.Final\resteasy-client-4.5.3.Final.jar;D:\Repositories\maven2\org\jboss\resteasy\resteasy-client-api\4.5.3.Final\resteasy-client-api-4.5.3.Final.jar;D:\Repositories\maven2\commons-io\commons-io\2.5\commons-io-2.5.jar;D:\Repositories\maven2\org\jboss\resteasy\resteasy-jackson2-provider\4.5.3.Final\resteasy-jackson2-provider-4.5.3.Final.jar;D:\Repositories\maven2\org\jboss\resteasy\resteasy-jaxb-provider\4.5.3.Final\resteasy-jaxb-provider-4.5.3.Final.jar;D:\Repositories\maven2\org\glassfish\jaxb\jaxb-runtime\2.3.3-b02\jaxb-runtime-2.3.3-b02.jar;D:\Repositories\maven2\org\glassfish\jaxb\txw2\2.3.3-b02\txw2-2.3.3-b02.jar;D:\Repositories\maven2\com\sun\istack\istack-commons-runtime\3.0.10\istack-commons-runtime-3.0.10.jar;D:\Repositories\maven2\com\github\fge\json-patch\1.9\json-patch-1.9.jar;D:\Repositories\maven2\com\github\fge\jackson-coreutils\1.6\jackson-coreutils-1.6.jar;D:\Repositories\maven2\com\github\fge\msg-simple\1.1\msg-simple-1.1.jar;D:\Repositories\maven2\com\github\fge\btf\1.2\btf-1.2.jar;D:\Repositories\maven2\javax\servlet\javax.servlet-api\3.1.0\javax.servlet-api-3.1.0.jar;D:\Repositories\maven2\javax\annotation\javax.annotation-api\1.3.2\javax.annotation-api-1.3.2.jar;D:\Repositories\maven2\javax\validation\validation-api\2.0.1.Final\validation-api-2.0.1.Final.jar;D:\Repositories\maven2\org\glassfish\javax.json\1.1.2\javax.json-1.1.2.jar;D:\Repositories\maven2\javax\json\javax.json-api\1.1.2\javax.json-api-1.1.2.jar;D:\Repositories\maven2\org\slf4j\slf4j-api\1.7.26\slf4j-api-1.7.26.jar;D:\Repositories\maven2\org\jboss\logging\jboss-logging\3.4.0.Final\jboss-logging-3.4.0.Final.jar;D:\Repositories\maven2\com\fasterxml\jackson\core\jackson-databind\2.10.3\jackson-databind-2.10.3.jar;D:\Repositories\maven2\com\fasterxml\jackson\core\jackson-core\2.10.3\jackson-core-2.10.3.jar;D:\Repositories\maven2\com\fasterxml\jackson\jaxrs\jackson-jaxrs-json-provider\2.10.3\jackson-jaxrs-json-provider-2.10.3.jar;D:\Repositories\maven2\com\fasterxml\jackson\jaxrs\jackson-jaxrs-base\2.10.3\jackson-jaxrs-base-2.10.3.jar;D:\Repositories\maven2\com\fasterxml\jackson\module\jackson-module-jaxb-annotations\2.10.3\jackson-module-jaxb-annotations-2.10.3.jar;D:\Repositories\maven2\com\fasterxml\jackson\datatype\jackson-datatype-jdk8\2.10.3\jackson-datatype-jdk8-2.10.3.jar;D:\Repositories\maven2\com\fasterxml\jackson\module\jackson-module-parameter-names\2.10.3\jackson-module-parameter-names-2.10.3.jar;D:\Repositories\maven2\com\fasterxml\jackson\datatype\jackson-datatype-jsr310\2.10.3\jackson-datatype-jsr310-2.10.3.jar;D:\Repositories\maven2\com\fasterxml\jackson\core\jackson-annotations\2.10.3\jackson-annotations-2.10.3.jar;D:\Repositories\maven2\com\google\guava\guava\25.0-jre\guava-25.0-jre.jar;D:\Repositories\maven2\com\google\code\findbugs\jsr305\1.3.9\jsr305-1.3.9.jar;D:\Repositories\maven2\org\checkerframework\checker-compat-qual\2.0.0\checker-compat-qual-2.0.0.jar;D:\Repositories\maven2\com\google\errorprone\error_prone_annotations\2.1.3\error_prone_annotations-2.1.3.jar;D:\Repositories\maven2\com\google\j2objc\j2objc-annotations\1.1\j2objc-annotations-1.1.jar;D:\Repositories\maven2\org\codehaus\mojo\animal-sniffer-annotations\1.14\animal-sniffer-annotations-1.14.jar;D:\Repositories\maven2\jakarta\validation\jakarta.validation-api\2.0.2\jakarta.validation-api-2.0.2.jar;D:\Repositories\maven2\commons-codec\commons-codec\1.13\commons-codec-1.13.jar;D:\Repositories\maven2\org\apache\maven\surefire\surefire-junit-platform\2.22.1\surefire-junit-platform-2.22.1.jar;D:\Repositories\maven2\org\junit\platform\junit-platform-launcher\1.3.1\junit-platform-launcher-1.3.1.jar"/>
    <property name="java.vm.vendor" value="Oracle Corporation"/>
    <property name="sun.arch.data.model" value="64"/>
    <property name="user.variant" value=""/>
    <property name="java.vendor.url" value="http://java.oracle.com/"/>
    <property name="user.timezone" value="Asia/Shanghai"/>
    <property name="java.vm.specification.version" value="1.8"/>
    <property name="os.name" value="Windows 7"/>
    <property name="user.country" value="CN"/>
    <property name="sun.java.launcher" value="SUN_STANDARD"/>
    <property name="sun.boot.library.path" value="C:\Program Files\Java\jdk1.8.0_91\jre\bin"/>
    <property name="sun.java.command" value="org.apache.maven.surefire.booter.ForkedBooter C:\Users\liujianjun\AppData\Local\Temp\surefire5644246137855060587 2020-09-03T14-26-43_300-jvmRun1 surefire3390273451096412576tmp surefire_266042351951967666066tmp"/>
    <property name="surefire.test.class.path" value="D:\111\Sentinel-master\Sentinel-master\sentinel-adapter\sentinel-jax-rs-adapter\target\test-classes;D:\111\Sentinel-master\Sentinel-master\sentinel-adapter\sentinel-jax-rs-adapter\target\classes;D:\111\Sentinel-master\Sentinel-master\sentinel-core\target\sentinel-core-1.8.1-SNAPSHOT.jar;D:\Repositories\maven2\javax\ws\rs\javax.ws.rs-api\2.1.1\javax.ws.rs-api-2.1.1.jar;D:\Repositories\maven2\junit\junit\4.12\junit-4.12.jar;D:\Repositories\maven2\org\hamcrest\hamcrest-core\1.3\hamcrest-core-1.3.jar;D:\Repositories\maven2\org\springframework\boot\spring-boot-starter-web\2.2.6.RELEASE\spring-boot-starter-web-2.2.6.RELEASE.jar;D:\Repositories\maven2\org\springframework\boot\spring-boot-starter\2.2.6.RELEASE\spring-boot-starter-2.2.6.RELEASE.jar;D:\Repositories\maven2\org\springframework\boot\spring-boot\2.2.6.RELEASE\spring-boot-2.2.6.RELEASE.jar;D:\Repositories\maven2\org\springframework\boot\spring-boot-autoconfigure\2.2.6.RELEASE\spring-boot-autoconfigure-2.2.6.RELEASE.jar;D:\Repositories\maven2\org\springframework\boot\spring-boot-starter-logging\2.2.6.RELEASE\spring-boot-starter-logging-2.2.6.RELEASE.jar;D:\Repositories\maven2\ch\qos\logback\logback-classic\1.2.3\logback-classic-1.2.3.jar;D:\Repositories\maven2\ch\qos\logback\logback-core\1.2.3\logback-core-1.2.3.jar;D:\Repositories\maven2\org\apache\logging\log4j\log4j-to-slf4j\2.12.1\log4j-to-slf4j-2.12.1.jar;D:\Repositories\maven2\org\apache\logging\log4j\log4j-api\2.12.1\log4j-api-2.12.1.jar;D:\Repositories\maven2\org\slf4j\jul-to-slf4j\1.7.30\jul-to-slf4j-1.7.30.jar;D:\Repositories\maven2\jakarta\annotation\jakarta.annotation-api\1.3.5\jakarta.annotation-api-1.3.5.jar;D:\Repositories\maven2\org\yaml\snakeyaml\1.25\snakeyaml-1.25.jar;D:\Repositories\maven2\org\springframework\boot\spring-boot-starter-json\2.2.6.RELEASE\spring-boot-starter-json-2.2.6.RELEASE.jar;D:\Repositories\maven2\org\springframework\boot\spring-boot-starter-tomcat\2.2.6.RELEASE\spring-boot-starter-tomcat-2.2.6.RELEASE.jar;D:\Repositories\maven2\org\apache\tomcat\embed\tomcat-embed-core\9.0.33\tomcat-embed-core-9.0.33.jar;D:\Repositories\maven2\org\apache\tomcat\embed\tomcat-embed-el\9.0.33\tomcat-embed-el-9.0.33.jar;D:\Repositories\maven2\org\apache\tomcat\embed\tomcat-embed-websocket\9.0.33\tomcat-embed-websocket-9.0.33.jar;D:\Repositories\maven2\org\springframework\boot\spring-boot-starter-validation\2.2.6.RELEASE\spring-boot-starter-validation-2.2.6.RELEASE.jar;D:\Repositories\maven2\org\hibernate\validator\hibernate-validator\6.0.18.Final\hibernate-validator-6.0.18.Final.jar;D:\Repositories\maven2\com\fasterxml\classmate\1.3.4\classmate-1.3.4.jar;D:\Repositories\maven2\org\springframework\spring-web\5.2.5.RELEASE\spring-web-5.2.5.RELEASE.jar;D:\Repositories\maven2\org\springframework\spring-beans\5.2.5.RELEASE\spring-beans-5.2.5.RELEASE.jar;D:\Repositories\maven2\org\springframework\spring-webmvc\5.2.5.RELEASE\spring-webmvc-5.2.5.RELEASE.jar;D:\Repositories\maven2\org\springframework\spring-aop\5.2.5.RELEASE\spring-aop-5.2.5.RELEASE.jar;D:\Repositories\maven2\org\springframework\spring-context\5.2.5.RELEASE\spring-context-5.2.5.RELEASE.jar;D:\Repositories\maven2\org\springframework\spring-expression\5.2.5.RELEASE\spring-expression-5.2.5.RELEASE.jar;D:\Repositories\maven2\org\springframework\boot\spring-boot-starter-test\2.2.6.RELEASE\spring-boot-starter-test-2.2.6.RELEASE.jar;D:\Repositories\maven2\org\springframework\boot\spring-boot-test\2.2.6.RELEASE\spring-boot-test-2.2.6.RELEASE.jar;D:\Repositories\maven2\org\springframework\boot\spring-boot-test-autoconfigure\2.2.6.RELEASE\spring-boot-test-autoconfigure-2.2.6.RELEASE.jar;D:\Repositories\maven2\com\jayway\jsonpath\json-path\2.4.0\json-path-2.4.0.jar;D:\Repositories\maven2\net\minidev\json-smart\2.3\json-smart-2.3.jar;D:\Repositories\maven2\net\minidev\accessors-smart\1.2\accessors-smart-1.2.jar;D:\Repositories\maven2\org\ow2\asm\asm\5.0.4\asm-5.0.4.jar;D:\Repositories\maven2\jakarta\xml\bind\jakarta.xml.bind-api\2.3.3\jakarta.xml.bind-api-2.3.3.jar;D:\Repositories\maven2\jakarta\activation\jakarta.activation-api\1.2.2\jakarta.activation-api-1.2.2.jar;D:\Repositories\maven2\org\junit\jupiter\junit-jupiter\5.5.2\junit-jupiter-5.5.2.jar;D:\Repositories\maven2\org\junit\jupiter\junit-jupiter-api\5.5.2\junit-jupiter-api-5.5.2.jar;D:\Repositories\maven2\org\opentest4j\opentest4j\1.2.0\opentest4j-1.2.0.jar;D:\Repositories\maven2\org\junit\platform\junit-platform-commons\1.5.2\junit-platform-commons-1.5.2.jar;D:\Repositories\maven2\org\junit\jupiter\junit-jupiter-params\5.5.2\junit-jupiter-params-5.5.2.jar;D:\Repositories\maven2\org\junit\jupiter\junit-jupiter-engine\5.5.2\junit-jupiter-engine-5.5.2.jar;D:\Repositories\maven2\org\junit\vintage\junit-vintage-engine\5.5.2\junit-vintage-engine-5.5.2.jar;D:\Repositories\maven2\org\apiguardian\apiguardian-api\1.1.0\apiguardian-api-1.1.0.jar;D:\Repositories\maven2\org\junit\platform\junit-platform-engine\1.5.2\junit-platform-engine-1.5.2.jar;D:\Repositories\maven2\org\mockito\mockito-junit-jupiter\3.1.0\mockito-junit-jupiter-3.1.0.jar;D:\Repositories\maven2\org\assertj\assertj-core\3.12.1\assertj-core-3.12.1.jar;D:\Repositories\maven2\org\hamcrest\hamcrest\2.1\hamcrest-2.1.jar;D:\Repositories\maven2\org\mockito\mockito-core\2.28.2\mockito-core-2.28.2.jar;D:\Repositories\maven2\net\bytebuddy\byte-buddy\1.9.10\byte-buddy-1.9.10.jar;D:\Repositories\maven2\net\bytebuddy\byte-buddy-agent\1.9.10\byte-buddy-agent-1.9.10.jar;D:\Repositories\maven2\org\objenesis\objenesis\2.6\objenesis-2.6.jar;D:\Repositories\maven2\org\skyscreamer\jsonassert\1.5.0\jsonassert-1.5.0.jar;D:\Repositories\maven2\com\vaadin\external\google\android-json\0.0.20131108.vaadin1\android-json-0.0.20131108.vaadin1.jar;D:\Repositories\maven2\org\springframework\spring-core\5.2.5.RELEASE\spring-core-5.2.5.RELEASE.jar;D:\Repositories\maven2\org\springframework\spring-jcl\5.2.5.RELEASE\spring-jcl-5.2.5.RELEASE.jar;D:\Repositories\maven2\org\springframework\spring-test\5.2.5.RELEASE\spring-test-5.2.5.RELEASE.jar;D:\Repositories\maven2\org\xmlunit\xmlunit-core\2.6.4\xmlunit-core-2.6.4.jar;D:\Repositories\maven2\io\rest-assured\rest-assured\4.3.0\rest-assured-4.3.0.jar;D:\Repositories\maven2\org\codehaus\groovy\groovy\3.0.2\groovy-3.0.2.jar;D:\Repositories\maven2\org\codehaus\groovy\groovy-xml\3.0.2\groovy-xml-3.0.2.jar;D:\Repositories\maven2\org\apache\httpcomponents\httpclient\4.5.3\httpclient-4.5.3.jar;D:\Repositories\maven2\org\apache\httpcomponents\httpcore\4.4.6\httpcore-4.4.6.jar;D:\Repositories\maven2\commons-logging\commons-logging\1.2\commons-logging-1.2.jar;D:\Repositories\maven2\org\apache\httpcomponents\httpmime\4.5.3\httpmime-4.5.3.jar;D:\Repositories\maven2\org\ccil\cowan\tagsoup\tagsoup\1.2.1\tagsoup-1.2.1.jar;D:\Repositories\maven2\io\rest-assured\json-path\4.3.0\json-path-4.3.0.jar;D:\Repositories\maven2\org\codehaus\groovy\groovy-json\3.0.2\groovy-json-3.0.2.jar;D:\Repositories\maven2\io\rest-assured\rest-assured-common\4.3.0\rest-assured-common-4.3.0.jar;D:\Repositories\maven2\io\rest-assured\xml-path\4.3.0\xml-path-4.3.0.jar;D:\Repositories\maven2\org\apache\commons\commons-lang3\3.4\commons-lang3-3.4.jar;D:\Repositories\maven2\com\sun\xml\bind\jaxb-osgi\2.3.0.1\jaxb-osgi-2.3.0.1.jar;D:\Repositories\maven2\org\apache\sling\org.apache.sling.javax.activation\0.1.0\org.apache.sling.javax.activation-0.1.0.jar;D:\Repositories\maven2\javax\activation\activation\1.1.1\activation-1.1.1.jar;D:\Repositories\maven2\org\jboss\resteasy\resteasy-spring-boot-starter\4.5.1.Final\resteasy-spring-boot-starter-4.5.1.Final.jar;D:\Repositories\maven2\org\jboss\resteasy\resteasy-core\4.5.3.Final\resteasy-core-4.5.3.Final.jar;D:\Repositories\maven2\org\jboss\spec\javax\ws\rs\jboss-jaxrs-api_2.1_spec\2.0.1.Final\jboss-jaxrs-api_2.1_spec-2.0.1.Final.jar;D:\Repositories\maven2\org\jboss\spec\javax\xml\bind\jboss-jaxb-api_2.3_spec\1.0.1.Final\jboss-jaxb-api_2.3_spec-1.0.1.Final.jar;D:\Repositories\maven2\org\reactivestreams\reactive-streams\1.0.3\reactive-streams-1.0.3.jar;D:\Repositories\maven2\org\jboss\spec\javax\annotation\jboss-annotations-api_1.3_spec\2.0.1.Final\jboss-annotations-api_1.3_spec-2.0.1.Final.jar;D:\Repositories\maven2\com\sun\activation\jakarta.activation\1.2.1\jakarta.activation-1.2.1.jar;D:\Repositories\maven2\org\eclipse\microprofile\config\microprofile-config-api\1.4\microprofile-config-api-1.4.jar;D:\Repositories\maven2\io\smallrye\config\smallrye-config\1.6.1\smallrye-config-1.6.1.jar;D:\Repositories\maven2\io\smallrye\config\smallrye-config-common\1.6.1\smallrye-config-common-1.6.1.jar;D:\Repositories\maven2\org\jboss\resteasy\resteasy-core-spi\4.5.3.Final\resteasy-core-spi-4.5.3.Final.jar;D:\Repositories\maven2\org\jboss\resteasy\resteasy-servlet-initializer\4.5.3.Final\resteasy-servlet-initializer-4.5.3.Final.jar;D:\Repositories\maven2\org\jboss\resteasy\resteasy-spring\4.5.3.Final\resteasy-spring-4.5.3.Final.jar;D:\Repositories\maven2\org\jboss\resteasy\resteasy-client\4.5.3.Final\resteasy-client-4.5.3.Final.jar;D:\Repositories\maven2\org\jboss\resteasy\resteasy-client-api\4.5.3.Final\resteasy-client-api-4.5.3.Final.jar;D:\Repositories\maven2\commons-io\commons-io\2.5\commons-io-2.5.jar;D:\Repositories\maven2\org\jboss\resteasy\resteasy-jackson2-provider\4.5.3.Final\resteasy-jackson2-provider-4.5.3.Final.jar;D:\Repositories\maven2\org\jboss\resteasy\resteasy-jaxb-provider\4.5.3.Final\resteasy-jaxb-provider-4.5.3.Final.jar;D:\Repositories\maven2\org\glassfish\jaxb\jaxb-runtime\2.3.3-b02\jaxb-runtime-2.3.3-b02.jar;D:\Repositories\maven2\org\glassfish\jaxb\txw2\2.3.3-b02\txw2-2.3.3-b02.jar;D:\Repositories\maven2\com\sun\istack\istack-commons-runtime\3.0.10\istack-commons-runtime-3.0.10.jar;D:\Repositories\maven2\com\github\fge\json-patch\1.9\json-patch-1.9.jar;D:\Repositories\maven2\com\github\fge\jackson-coreutils\1.6\jackson-coreutils-1.6.jar;D:\Repositories\maven2\com\github\fge\msg-simple\1.1\msg-simple-1.1.jar;D:\Repositories\maven2\com\github\fge\btf\1.2\btf-1.2.jar;D:\Repositories\maven2\javax\servlet\javax.servlet-api\3.1.0\javax.servlet-api-3.1.0.jar;D:\Repositories\maven2\javax\annotation\javax.annotation-api\1.3.2\javax.annotation-api-1.3.2.jar;D:\Repositories\maven2\javax\validation\validation-api\2.0.1.Final\validation-api-2.0.1.Final.jar;D:\Repositories\maven2\org\glassfish\javax.json\1.1.2\javax.json-1.1.2.jar;D:\Repositories\maven2\javax\json\javax.json-api\1.1.2\javax.json-api-1.1.2.jar;D:\Repositories\maven2\org\slf4j\slf4j-api\1.7.26\slf4j-api-1.7.26.jar;D:\Repositories\maven2\org\jboss\logging\jboss-logging\3.4.0.Final\jboss-logging-3.4.0.Final.jar;D:\Repositories\maven2\com\fasterxml\jackson\core\jackson-databind\2.10.3\jackson-databind-2.10.3.jar;D:\Repositories\maven2\com\fasterxml\jackson\core\jackson-core\2.10.3\jackson-core-2.10.3.jar;D:\Repositories\maven2\com\fasterxml\jackson\jaxrs\jackson-jaxrs-json-provider\2.10.3\jackson-jaxrs-json-provider-2.10.3.jar;D:\Repositories\maven2\com\fasterxml\jackson\jaxrs\jackson-jaxrs-base\2.10.3\jackson-jaxrs-base-2.10.3.jar;D:\Repositories\maven2\com\fasterxml\jackson\module\jackson-module-jaxb-annotations\2.10.3\jackson-module-jaxb-annotations-2.10.3.jar;D:\Repositories\maven2\com\fasterxml\jackson\datatype\jackson-datatype-jdk8\2.10.3\jackson-datatype-jdk8-2.10.3.jar;D:\Repositories\maven2\com\fasterxml\jackson\module\jackson-module-parameter-names\2.10.3\jackson-module-parameter-names-2.10.3.jar;D:\Repositories\maven2\com\fasterxml\jackson\datatype\jackson-datatype-jsr310\2.10.3\jackson-datatype-jsr310-2.10.3.jar;D:\Repositories\maven2\com\fasterxml\jackson\core\jackson-annotations\2.10.3\jackson-annotations-2.10.3.jar;D:\Repositories\maven2\com\google\guava\guava\25.0-jre\guava-25.0-jre.jar;D:\Repositories\maven2\com\google\code\findbugs\jsr305\1.3.9\jsr305-1.3.9.jar;D:\Repositories\maven2\org\checkerframework\checker-compat-qual\2.0.0\checker-compat-qual-2.0.0.jar;D:\Repositories\maven2\com\google\errorprone\error_prone_annotations\2.1.3\error_prone_annotations-2.1.3.jar;D:\Repositories\maven2\com\google\j2objc\j2objc-annotations\1.1\j2objc-annotations-1.1.jar;D:\Repositories\maven2\org\codehaus\mojo\animal-sniffer-annotations\1.14\animal-sniffer-annotations-1.14.jar;D:\Repositories\maven2\jakarta\validation\jakarta.validation-api\2.0.2\jakarta.validation-api-2.0.2.jar;D:\Repositories\maven2\commons-codec\commons-codec\1.13\commons-codec-1.13.jar;"/>
    <property name="sun.cpu.endian" value="little"/>
    <property name="user.home" value="C:\Users\liujianjun"/>
    <property name="user.language" value="zh"/>
    <property name="java.specification.vendor" value="Oracle Corporation"/>
    <property name="java.home" value="C:\Program Files\Java\jdk1.8.0_91\jre"/>
    <property name="basedir" value="D:\111\Sentinel-master\Sentinel-master\sentinel-adapter\sentinel-jax-rs-adapter"/>
    <property name="file.separator" value="\"/>
    <property name="line.separator" value="&#10;"/>
    <property name="java.vm.specification.vendor" value="Oracle Corporation"/>
    <property name="java.specification.name" value="Java Platform API Specification"/>
    <property name="java.awt.graphicsenv" value="sun.awt.Win32GraphicsEnvironment"/>
    <property name="sun.boot.class.path" value="C:\Program Files\Java\jdk1.8.0_91\jre\lib\resources.jar;C:\Program Files\Java\jdk1.8.0_91\jre\lib\rt.jar;C:\Program Files\Java\jdk1.8.0_91\jre\lib\sunrsasign.jar;C:\Program Files\Java\jdk1.8.0_91\jre\lib\jsse.jar;C:\Program Files\Java\jdk1.8.0_91\jre\lib\jce.jar;C:\Program Files\Java\jdk1.8.0_91\jre\lib\charsets.jar;C:\Program Files\Java\jdk1.8.0_91\jre\lib\jfr.jar;C:\Program Files\Java\jdk1.8.0_91\jre\classes"/>
    <property name="user.script" value=""/>
    <property name="sun.management.compiler" value="HotSpot 64-Bit Tiered Compilers"/>
    <property name="java.runtime.version" value="1.8.0_91-b15"/>
    <property name="user.name" value="liujianjun"/>
    <property name="path.separator" value=";"/>
    <property name="os.version" value="6.1"/>
    <property name="java.endorsed.dirs" value="C:\Program Files\Java\jdk1.8.0_91\jre\lib\endorsed"/>
    <property name="java.runtime.name" value="Java(TM) SE Runtime Environment"/>
    <property name="file.encoding" value="UTF-8"/>
    <property name="java.vm.name" value="Java HotSpot(TM) 64-Bit Server VM"/>
    <property name="localRepository" value="D:\Repositories\maven2"/>
    <property name="java.vendor.url.bug" value="http://bugreport.sun.com/bugreport/"/>
    <property name="java.io.tmpdir" value="C:\Users\LIUJIA~1\AppData\Local\Temp\"/>
    <property name="idea.version" value="2017.1"/>
    <property name="java.version" value="1.8.0_91"/>
    <property name="user.dir" value="D:\111\Sentinel-master\Sentinel-master\sentinel-adapter\sentinel-jax-rs-adapter"/>
    <property name="os.arch" value="amd64"/>
    <property name="java.vm.specification.name" value="Java Virtual Machine Specification"/>
    <property name="java.awt.printerjob" value="sun.awt.windows.WPrinterJob"/>
    <property name="sun.os.patch.level" value="Service Pack 1"/>
    <property name="java.library.path" value="C:\Program Files\Java\jdk1.8.0_91\jre\bin;C:\windows\Sun\Java\bin;C:\windows\system32;C:\windows;C:\ProgramData\Oracle\Java\javapath;C:\Program Files\Java\jdk1.8.0_91\bin;D:\apache-maven-3.0.4\bin;D:\Program Files\SlikSvn\bin;C:\strawberry\c\bin;C:\strawberry\perl\bin;D:\3.0ftp\boot\mysql-5.5.51-win32\bin;C:\windows\system32;C:\MinGW\bin;C:\Python27;C:\Python27\Scripts;D:\Program Files (x86)\opencv\build;E:\Program Files\Git\cmd;C:\Users\liujianjun\AppData\Local\Programs\Python\Python36-32\Scripts\;C:\Users\liujianjun\AppData\Local\Programs\Python\Python36-32\;d:\Program Files (x86)\SSH Communications Security\SSH Secure Shell;C:\Users\liujianjun\AppData\Local\Programs\Fiddler;C:\Users\liujianjun\AppData\Local\BypassRuntm;."/>
    <property name="java.vm.info" value="mixed mode"/>
    <property name="java.vendor" value="Oracle Corporation"/>
    <property name="java.vm.version" value="25.91-b15"/>
    <property name="java.ext.dirs" value="C:\Program Files\Java\jdk1.8.0_91\jre\lib\ext;C:\windows\Sun\Java\lib\ext"/>
    <property name="sun.io.unicode.encoding" value="UnicodeLittle"/>
    <property name="java.class.version" value="52.0"/>
  </properties>
  <testcase name="testFutureGetTimeout" classname="com.alibaba.csp.sentinel.adapter.jaxrs.ClientFilterTest" time="1.148"/>
  <testcase name="testCancelFuture" classname="com.alibaba.csp.sentinel.adapter.jaxrs.ClientFilterTest" time="0.002"/>
  <testcase name="testClientFallback" classname="com.alibaba.csp.sentinel.adapter.jaxrs.ClientFilterTest" time="0.074"/>
  <testcase name="testCustomResourceName" classname="com.alibaba.csp.sentinel.adapter.jaxrs.ClientFilterTest" time="0.1"/>
  <testcase name="testServerReturn400" classname="com.alibaba.csp.sentinel.adapter.jaxrs.ClientFilterTest" time="0.023"/>
  <testcase name="testServerReturn500" classname="com.alibaba.csp.sentinel.adapter.jaxrs.ClientFilterTest" time="0.008"/>
  <testcase name="testFutureGetServerTimeout" classname="com.alibaba.csp.sentinel.adapter.jaxrs.ClientFilterTest" time="3.004"/>
  <testcase name="testClientGetHello" classname="com.alibaba.csp.sentinel.adapter.jaxrs.ClientFilterTest" time="0.009"/>
  <testcase name="testClientAsyncGetHello" classname="com.alibaba.csp.sentinel.adapter.jaxrs.ClientFilterTest" time="0.118"/>
  <testcase name="testServerTimeout" classname="com.alibaba.csp.sentinel.adapter.jaxrs.ClientFilterTest" time="3.002"/>
  <testcase name="testClientCustomFallback" classname="com.alibaba.csp.sentinel.adapter.jaxrs.ClientFilterTest" time="0.004"/>
</testsuite>