<?xml version="1.0" encoding="UTF-8"?>
<testsuite xmlns:xsi="http://www.w3.org/2001/XMLSchema-instance" xsi:noNamespaceSchemaLocation="https://maven.apache.org/surefire/maven-surefire-plugin/xsd/surefire-test-report.xsd" name="com.alibaba.csp.sentinel.adapter.sofa.rpc.fallback.SofaRpcFallbackRegistryTest" time="0.001" tests="2" errors="0" skipped="0" failures="0">
  <properties>
    <property name="sun.desktop" value="windows"/>
    <property name="awt.toolkit" value="sun.awt.windows.WToolkit"/>
    <property name="file.encoding.pkg" value="sun.io"/>
    <property name="java.specification.version" value="1.8"/>
    <property name="sun.cpu.isalist" value="amd64"/>
    <property name="sun.jnu.encoding" value="GBK"/>
    <property name="java.class.path" value="D:\Repositories\maven2\org\apache\maven\surefire\surefire-booter\2.22.1\surefire-booter-2.22.1.jar;D:\Repositories\maven2\org\apache\maven\surefire\surefire-api\2.22.1\surefire-api-2.22.1.jar;D:\Repositories\maven2\org\apache\maven\surefire\surefire-logger-api\2.22.1\surefire-logger-api-2.22.1.jar;D:\111\Sentinel-master\Sentinel-master\sentinel-adapter\sentinel-sofa-rpc-adapter\target\test-classes;D:\111\Sentinel-master\Sentinel-master\sentinel-adapter\sentinel-sofa-rpc-adapter\target\classes;D:\111\Sentinel-master\Sentinel-master\sentinel-core\target\sentinel-core-1.8.1-SNAPSHOT.jar;D:\Repositories\maven2\com\alipay\sofa\sofa-rpc-all\5.6.4\sofa-rpc-all-5.6.4.jar;D:\Repositories\maven2\com\alipay\sofa\bolt\1.5.6\bolt-1.5.6.jar;D:\Repositories\maven2\com\alipay\sofa\common\sofa-common-tools\1.0.18\sofa-common-tools-1.0.18.jar;D:\Repositories\maven2\org\slf4j\slf4j-api\1.7.21\slf4j-api-1.7.21.jar;D:\Repositories\maven2\org\javassist\javassist\3.20.0-GA\javassist-3.20.0-GA.jar;D:\Repositories\maven2\io\netty\netty-all\4.1.44.Final\netty-all-4.1.44.Final.jar;D:\Repositories\maven2\com\alipay\sofa\hessian\3.3.7\hessian-3.3.7.jar;D:\Repositories\maven2\com\alipay\sofa\tracer-core\3.0.8\tracer-core-3.0.8.jar;D:\Repositories\maven2\io\opentracing\opentracing-api\0.22.0\opentracing-api-0.22.0.jar;D:\Repositories\maven2\io\opentracing\opentracing-noop\0.22.0\opentracing-noop-0.22.0.jar;D:\Repositories\maven2\io\opentracing\opentracing-mock\0.22.0\opentracing-mock-0.22.0.jar;D:\Repositories\maven2\io\opentracing\opentracing-util\0.22.0\opentracing-util-0.22.0.jar;D:\Repositories\maven2\org\jboss\resteasy\resteasy-netty4\3.6.3.Final\resteasy-netty4-3.6.3.Final.jar;D:\Repositories\maven2\org\jboss\resteasy\resteasy-jaxrs\3.6.3.Final\resteasy-jaxrs-3.6.3.Final.jar;D:\Repositories\maven2\org\jboss\spec\javax\xml\bind\jboss-jaxb-api_2.3_spec\1.0.1.Final\jboss-jaxb-api_2.3_spec-1.0.1.Final.jar;D:\Repositories\maven2\org\reactivestreams\reactive-streams\1.0.2\reactive-streams-1.0.2.jar;D:\Repositories\maven2\javax\validation\validation-api\2.0.1.Final\validation-api-2.0.1.Final.jar;D:\Repositories\maven2\org\jboss\spec\javax\annotation\jboss-annotations-api_1.3_spec\1.0.1.Final\jboss-annotations-api_1.3_spec-1.0.1.Final.jar;D:\Repositories\maven2\javax\activation\activation\1.1.1\activation-1.1.1.jar;D:\Repositories\maven2\commons-io\commons-io\2.5\commons-io-2.5.jar;D:\Repositories\maven2\net\jcip\jcip-annotations\1.0\jcip-annotations-1.0.jar;D:\Repositories\maven2\org\jboss\logging\jboss-logging\3.3.2.Final\jboss-logging-3.3.2.Final.jar;D:\Repositories\maven2\org\jboss\resteasy\resteasy-client\3.6.3.Final\resteasy-client-3.6.3.Final.jar;D:\Repositories\maven2\org\jboss\spec\javax\ws\rs\jboss-jaxrs-api_2.1_spec\1.0.2.Final\jboss-jaxrs-api_2.1_spec-1.0.2.Final.jar;D:\Repositories\maven2\org\apache\httpcomponents\httpclient\4.5.4\httpclient-4.5.4.jar;D:\Repositories\maven2\org\apache\httpcomponents\httpcore\4.4.7\httpcore-4.4.7.jar;D:\Repositories\maven2\commons-logging\commons-logging\1.2\commons-logging-1.2.jar;D:\Repositories\maven2\commons-codec\commons-codec\1.10\commons-codec-1.10.jar;D:\Repositories\maven2\org\jboss\resteasy\resteasy-jackson2-provider\3.6.3.Final\resteasy-jackson2-provider-3.6.3.Final.jar;D:\Repositories\maven2\com\fasterxml\jackson\core\jackson-core\2.9.8\jackson-core-2.9.8.jar;D:\Repositories\maven2\com\fasterxml\jackson\core\jackson-databind\2.9.8\jackson-databind-2.9.8.jar;D:\Repositories\maven2\com\fasterxml\jackson\core\jackson-annotations\2.9.8\jackson-annotations-2.9.8.jar;D:\Repositories\maven2\com\fasterxml\jackson\jaxrs\jackson-jaxrs-json-provider\2.9.8\jackson-jaxrs-json-provider-2.9.8.jar;D:\Repositories\maven2\com\fasterxml\jackson\jaxrs\jackson-jaxrs-base\2.9.8\jackson-jaxrs-base-2.9.8.jar;D:\Repositories\maven2\com\fasterxml\jackson\module\jackson-module-jaxb-annotations\2.9.8\jackson-module-jaxb-annotations-2.9.8.jar;D:\Repositories\maven2\com\github\fge\json-patch\1.9\json-patch-1.9.jar;D:\Repositories\maven2\com\github\fge\jackson-coreutils\1.6\jackson-coreutils-1.6.jar;D:\Repositories\maven2\com\github\fge\msg-simple\1.1\msg-simple-1.1.jar;D:\Repositories\maven2\com\github\fge\btf\1.2\btf-1.2.jar;D:\Repositories\maven2\com\google\guava\guava\16.0.1\guava-16.0.1.jar;D:\Repositories\maven2\com\alipay\sofa\lookout\lookout-api\1.4.1\lookout-api-1.4.1.jar;D:\Repositories\maven2\junit\junit\4.12\junit-4.12.jar;D:\Repositories\maven2\org\hamcrest\hamcrest-core\1.3\hamcrest-core-1.3.jar;D:\Repositories\maven2\org\mockito\mockito-core\2.28.2\mockito-core-2.28.2.jar;D:\Repositories\maven2\net\bytebuddy\byte-buddy\1.9.10\byte-buddy-1.9.10.jar;D:\Repositories\maven2\net\bytebuddy\byte-buddy-agent\1.9.10\byte-buddy-agent-1.9.10.jar;D:\Repositories\maven2\org\objenesis\objenesis\2.6\objenesis-2.6.jar;D:\Repositories\maven2\org\apache\maven\surefire\surefire-junit4\2.22.1\surefire-junit4-2.22.1.jar"/>
    <property name="java.vm.vendor" value="Oracle Corporation"/>
    <property name="sun.arch.data.model" value="64"/>
    <property name="user.variant" value=""/>
    <property name="java.vendor.url" value="http://java.oracle.com/"/>
    <property name="user.timezone" value="Asia/Shanghai"/>
    <property name="java.vm.specification.version" value="1.8"/>
    <property name="os.name" value="Windows 7"/>
    <property name="user.country" value="CN"/>
    <property name="sun.java.launcher" value="SUN_STANDARD"/>
    <property name="sun.boot.library.path" value="C:\Program Files\Java\jdk1.8.0_91\jre\bin"/>
    <property name="sun.java.command" value="org.apache.maven.surefire.booter.ForkedBooter C:\Users\liujianjun\AppData\Local\Temp\surefire4642780214273547132 2020-09-03T14-26-43_300-jvmRun1 surefire4751798974940910826tmp surefire_176623967702337961384tmp"/>
    <property name="surefire.test.class.path" value="D:\111\Sentinel-master\Sentinel-master\sentinel-adapter\sentinel-sofa-rpc-adapter\target\test-classes;D:\111\Sentinel-master\Sentinel-master\sentinel-adapter\sentinel-sofa-rpc-adapter\target\classes;D:\111\Sentinel-master\Sentinel-master\sentinel-core\target\sentinel-core-1.8.1-SNAPSHOT.jar;D:\Repositories\maven2\com\alipay\sofa\sofa-rpc-all\5.6.4\sofa-rpc-all-5.6.4.jar;D:\Repositories\maven2\com\alipay\sofa\bolt\1.5.6\bolt-1.5.6.jar;D:\Repositories\maven2\com\alipay\sofa\common\sofa-common-tools\1.0.18\sofa-common-tools-1.0.18.jar;D:\Repositories\maven2\org\slf4j\slf4j-api\1.7.21\slf4j-api-1.7.21.jar;D:\Repositories\maven2\org\javassist\javassist\3.20.0-GA\javassist-3.20.0-GA.jar;D:\Repositories\maven2\io\netty\netty-all\4.1.44.Final\netty-all-4.1.44.Final.jar;D:\Repositories\maven2\com\alipay\sofa\hessian\3.3.7\hessian-3.3.7.jar;D:\Repositories\maven2\com\alipay\sofa\tracer-core\3.0.8\tracer-core-3.0.8.jar;D:\Repositories\maven2\io\opentracing\opentracing-api\0.22.0\opentracing-api-0.22.0.jar;D:\Repositories\maven2\io\opentracing\opentracing-noop\0.22.0\opentracing-noop-0.22.0.jar;D:\Repositories\maven2\io\opentracing\opentracing-mock\0.22.0\opentracing-mock-0.22.0.jar;D:\Repositories\maven2\io\opentracing\opentracing-util\0.22.0\opentracing-util-0.22.0.jar;D:\Repositories\maven2\org\jboss\resteasy\resteasy-netty4\3.6.3.Final\resteasy-netty4-3.6.3.Final.jar;D:\Repositories\maven2\org\jboss\resteasy\resteasy-jaxrs\3.6.3.Final\resteasy-jaxrs-3.6.3.Final.jar;D:\Repositories\maven2\org\jboss\spec\javax\xml\bind\jboss-jaxb-api_2.3_spec\1.0.1.Final\jboss-jaxb-api_2.3_spec-1.0.1.Final.jar;D:\Repositories\maven2\org\reactivestreams\reactive-streams\1.0.2\reactive-streams-1.0.2.jar;D:\Repositories\maven2\javax\validation\validation-api\2.0.1.Final\validation-api-2.0.1.Final.jar;D:\Repositories\maven2\org\jboss\spec\javax\annotation\jboss-annotations-api_1.3_spec\1.0.1.Final\jboss-annotations-api_1.3_spec-1.0.1.Final.jar;D:\Repositories\maven2\javax\activation\activation\1.1.1\activation-1.1.1.jar;D:\Repositories\maven2\commons-io\commons-io\2.5\commons-io-2.5.jar;D:\Repositories\maven2\net\jcip\jcip-annotations\1.0\jcip-annotations-1.0.jar;D:\Repositories\maven2\org\jboss\logging\jboss-logging\3.3.2.Final\jboss-logging-3.3.2.Final.jar;D:\Repositories\maven2\org\jboss\resteasy\resteasy-client\3.6.3.Final\resteasy-client-3.6.3.Final.jar;D:\Repositories\maven2\org\jboss\spec\javax\ws\rs\jboss-jaxrs-api_2.1_spec\1.0.2.Final\jboss-jaxrs-api_2.1_spec-1.0.2.Final.jar;D:\Repositories\maven2\org\apache\httpcomponents\httpclient\4.5.4\httpclient-4.5.4.jar;D:\Repositories\maven2\org\apache\httpcomponents\httpcore\4.4.7\httpcore-4.4.7.jar;D:\Repositories\maven2\commons-logging\commons-logging\1.2\commons-logging-1.2.jar;D:\Repositories\maven2\commons-codec\commons-codec\1.10\commons-codec-1.10.jar;D:\Repositories\maven2\org\jboss\resteasy\resteasy-jackson2-provider\3.6.3.Final\resteasy-jackson2-provider-3.6.3.Final.jar;D:\Repositories\maven2\com\fasterxml\jackson\core\jackson-core\2.9.8\jackson-core-2.9.8.jar;D:\Repositories\maven2\com\fasterxml\jackson\core\jackson-databind\2.9.8\jackson-databind-2.9.8.jar;D:\Repositories\maven2\com\fasterxml\jackson\core\jackson-annotations\2.9.8\jackson-annotations-2.9.8.jar;D:\Repositories\maven2\com\fasterxml\jackson\jaxrs\jackson-jaxrs-json-provider\2.9.8\jackson-jaxrs-json-provider-2.9.8.jar;D:\Repositories\maven2\com\fasterxml\jackson\jaxrs\jackson-jaxrs-base\2.9.8\jackson-jaxrs-base-2.9.8.jar;D:\Repositories\maven2\com\fasterxml\jackson\module\jackson-module-jaxb-annotations\2.9.8\jackson-module-jaxb-annotations-2.9.8.jar;D:\Repositories\maven2\com\github\fge\json-patch\1.9\json-patch-1.9.jar;D:\Repositories\maven2\com\github\fge\jackson-coreutils\1.6\jackson-coreutils-1.6.jar;D:\Repositories\maven2\com\github\fge\msg-simple\1.1\msg-simple-1.1.jar;D:\Repositories\maven2\com\github\fge\btf\1.2\btf-1.2.jar;D:\Repositories\maven2\com\google\guava\guava\16.0.1\guava-16.0.1.jar;D:\Repositories\maven2\com\alipay\sofa\lookout\lookout-api\1.4.1\lookout-api-1.4.1.jar;D:\Repositories\maven2\junit\junit\4.12\junit-4.12.jar;D:\Repositories\maven2\org\hamcrest\hamcrest-core\1.3\hamcrest-core-1.3.jar;D:\Repositories\maven2\org\mockito\mockito-core\2.28.2\mockito-core-2.28.2.jar;D:\Repositories\maven2\net\bytebuddy\byte-buddy\1.9.10\byte-buddy-1.9.10.jar;D:\Repositories\maven2\net\bytebuddy\byte-buddy-agent\1.9.10\byte-buddy-agent-1.9.10.jar;D:\Repositories\maven2\org\objenesis\objenesis\2.6\objenesis-2.6.jar;"/>
    <property name="sun.cpu.endian" value="little"/>
    <property name="user.home" value="C:\Users\liujianjun"/>
    <property name="user.language" value="zh"/>
    <property name="java.specification.vendor" value="Oracle Corporation"/>
    <property name="java.home" value="C:\Program Files\Java\jdk1.8.0_91\jre"/>
    <property name="basedir" value="D:\111\Sentinel-master\Sentinel-master\sentinel-adapter\sentinel-sofa-rpc-adapter"/>
    <property name="file.separator" value="\"/>
    <property name="line.separator" value="&#10;"/>
    <property name="java.vm.specification.vendor" value="Oracle Corporation"/>
    <property name="java.specification.name" value="Java Platform API Specification"/>
    <property name="java.awt.graphicsenv" value="sun.awt.Win32GraphicsEnvironment"/>
    <property name="sun.boot.class.path" value="C:\Program Files\Java\jdk1.8.0_91\jre\lib\resources.jar;C:\Program Files\Java\jdk1.8.0_91\jre\lib\rt.jar;C:\Program Files\Java\jdk1.8.0_91\jre\lib\sunrsasign.jar;C:\Program Files\Java\jdk1.8.0_91\jre\lib\jsse.jar;C:\Program Files\Java\jdk1.8.0_91\jre\lib\jce.jar;C:\Program Files\Java\jdk1.8.0_91\jre\lib\charsets.jar;C:\Program Files\Java\jdk1.8.0_91\jre\lib\jfr.jar;C:\Program Files\Java\jdk1.8.0_91\jre\classes"/>
    <property name="user.script" value=""/>
    <property name="sun.management.compiler" value="HotSpot 64-Bit Tiered Compilers"/>
    <property name="java.runtime.version" value="1.8.0_91-b15"/>
    <property name="user.name" value="liujianjun"/>
    <property name="path.separator" value=";"/>
    <property name="os.version" value="6.1"/>
    <property name="java.endorsed.dirs" value="C:\Program Files\Java\jdk1.8.0_91\jre\lib\endorsed"/>
    <property name="java.runtime.name" value="Java(TM) SE Runtime Environment"/>
    <property name="file.encoding" value="UTF-8"/>
    <property name="java.vm.name" value="Java HotSpot(TM) 64-Bit Server VM"/>
    <property name="localRepository" value="D:\Repositories\maven2"/>
    <property name="java.vendor.url.bug" value="http://bugreport.sun.com/bugreport/"/>
    <property name="java.io.tmpdir" value="C:\Users\LIUJIA~1\AppData\Local\Temp\"/>
    <property name="idea.version" value="2017.1"/>
    <property name="java.version" value="1.8.0_91"/>
    <property name="user.dir" value="D:\111\Sentinel-master\Sentinel-master\sentinel-adapter\sentinel-sofa-rpc-adapter"/>
    <property name="os.arch" value="amd64"/>
    <property name="java.vm.specification.name" value="Java Virtual Machine Specification"/>
    <property name="java.awt.printerjob" value="sun.awt.windows.WPrinterJob"/>
    <property name="sun.os.patch.level" value="Service Pack 1"/>
    <property name="java.library.path" value="C:\Program Files\Java\jdk1.8.0_91\jre\bin;C:\windows\Sun\Java\bin;C:\windows\system32;C:\windows;C:\ProgramData\Oracle\Java\javapath;C:\Program Files\Java\jdk1.8.0_91\bin;D:\apache-maven-3.0.4\bin;D:\Program Files\SlikSvn\bin;C:\strawberry\c\bin;C:\strawberry\perl\bin;D:\3.0ftp\boot\mysql-5.5.51-win32\bin;C:\windows\system32;C:\MinGW\bin;C:\Python27;C:\Python27\Scripts;D:\Program Files (x86)\opencv\build;E:\Program Files\Git\cmd;C:\Users\liujianjun\AppData\Local\Programs\Python\Python36-32\Scripts\;C:\Users\liujianjun\AppData\Local\Programs\Python\Python36-32\;d:\Program Files (x86)\SSH Communications Security\SSH Secure Shell;C:\Users\liujianjun\AppData\Local\Programs\Fiddler;C:\Users\liujianjun\AppData\Local\BypassRuntm;."/>
    <property name="java.vm.info" value="mixed mode"/>
    <property name="java.vendor" value="Oracle Corporation"/>
    <property name="java.vm.version" value="25.91-b15"/>
    <property name="java.ext.dirs" value="C:\Program Files\Java\jdk1.8.0_91\jre\lib\ext;C:\windows\Sun\Java\lib\ext"/>
    <property name="sun.io.unicode.encoding" value="UnicodeLittle"/>
    <property name="java.class.version" value="52.0"/>
  </properties>
  <testcase name="testDefaultfallback" classname="com.alibaba.csp.sentinel.adapter.sofa.rpc.fallback.SofaRpcFallbackRegistryTest" time="0"/>
  <testcase name="testCustomFallback" classname="com.alibaba.csp.sentinel.adapter.sofa.rpc.fallback.SofaRpcFallbackRegistryTest" time="0.001"/>
</testsuite>