<?xml version="1.0" encoding="UTF-8"?>
<testsuite xmlns:xsi="http://www.w3.org/2001/XMLSchema-instance" xsi:noNamespaceSchemaLocation="https://maven.apache.org/surefire/maven-surefire-plugin/xsd/surefire-test-report.xsd" name="com.alibaba.csp.sentinel.adapter.gateway.zuul2.fallback.ZuulBlockFallbackManagerTest" time="0.085" tests="2" errors="0" skipped="0" failures="0">
  <properties>
    <property name="sun.desktop" value="windows"/>
    <property name="awt.toolkit" value="sun.awt.windows.WToolkit"/>
    <property name="file.encoding.pkg" value="sun.io"/>
    <property name="java.specification.version" value="1.8"/>
    <property name="sun.cpu.isalist" value="amd64"/>
    <property name="sun.jnu.encoding" value="GBK"/>
    <property name="java.class.path" value="D:\Repositories\maven2\org\apache\maven\surefire\surefire-booter\2.22.1\surefire-booter-2.22.1.jar;D:\Repositories\maven2\org\apache\maven\surefire\surefire-api\2.22.1\surefire-api-2.22.1.jar;D:\Repositories\maven2\org\apache\maven\surefire\surefire-logger-api\2.22.1\surefire-logger-api-2.22.1.jar;D:\111\Sentinel-master\Sentinel-master\sentinel-adapter\sentinel-zuul2-adapter\target\test-classes;D:\111\Sentinel-master\Sentinel-master\sentinel-adapter\sentinel-zuul2-adapter\target\classes;D:\111\Sentinel-master\Sentinel-master\sentinel-core\target\sentinel-core-1.8.1-SNAPSHOT.jar;D:\111\Sentinel-master\Sentinel-master\sentinel-adapter\sentinel-api-gateway-adapter-common\target\sentinel-api-gateway-adapter-common-1.8.1-SNAPSHOT.jar;D:\111\Sentinel-master\Sentinel-master\sentinel-extension\sentinel-parameter-flow-control\target\sentinel-parameter-flow-control-1.8.1-SNAPSHOT.jar;D:\Repositories\maven2\com\googlecode\concurrentlinkedhashmap\concurrentlinkedhashmap-lru\1.4.2\concurrentlinkedhashmap-lru-1.4.2.jar;D:\Repositories\maven2\com\netflix\zuul\zuul-core\2.1.5\zuul-core-2.1.5.jar;D:\Repositories\maven2\io\netty\netty-tcnative-boringssl-static\2.0.12.Final\netty-tcnative-boringssl-static-2.0.12.Final.jar;D:\Repositories\maven2\com\google\inject\guice\4.1.0\guice-4.1.0.jar;D:\Repositories\maven2\javax\inject\javax.inject\1\javax.inject-1.jar;D:\Repositories\maven2\aopalliance\aopalliance\1.0\aopalliance-1.0.jar;D:\Repositories\maven2\com\google\guava\guava\19.0\guava-19.0.jar;D:\Repositories\maven2\com\google\inject\extensions\guice-multibindings\4.1.0\guice-multibindings-4.1.0.jar;D:\Repositories\maven2\com\google\inject\extensions\guice-grapher\4.1.0\guice-grapher-4.1.0.jar;D:\Repositories\maven2\com\google\inject\extensions\guice-assistedinject\4.1.0\guice-assistedinject-4.1.0.jar;D:\Repositories\maven2\com\google\inject\extensions\guice-servlet\4.0\guice-servlet-4.0.jar;D:\Repositories\maven2\com\google\inject\extensions\guice-throwingproviders\4.0\guice-throwingproviders-4.0.jar;D:\Repositories\maven2\log4j\log4j\1.2.17\log4j-1.2.17.jar;D:\Repositories\maven2\commons-io\commons-io\2.4\commons-io-2.4.jar;D:\Repositories\maven2\commons-fileupload\commons-fileupload\1.3\commons-fileupload-1.3.jar;D:\Repositories\maven2\commons-collections\commons-collections\3.2.2\commons-collections-3.2.2.jar;D:\Repositories\maven2\commons-configuration\commons-configuration\1.8\commons-configuration-1.8.jar;D:\Repositories\maven2\commons-lang\commons-lang\2.6\commons-lang-2.6.jar;D:\Repositories\maven2\commons-logging\commons-logging\1.1.1\commons-logging-1.1.1.jar;D:\Repositories\maven2\org\apache\commons\commons-lang3\3.4\commons-lang3-3.4.jar;D:\Repositories\maven2\org\codehaus\groovy\groovy-all\2.4.4\groovy-all-2.4.4.jar;D:\Repositories\maven2\org\slf4j\slf4j-api\1.7.25\slf4j-api-1.7.25.jar;D:\Repositories\maven2\org\json\json\20090211\json-20090211.jar;D:\Repositories\maven2\org\bouncycastle\bcpg-jdk15on\1.61\bcpg-jdk15on-1.61.jar;D:\Repositories\maven2\org\bouncycastle\bcprov-jdk15on\1.61\bcprov-jdk15on-1.61.jar;D:\Repositories\maven2\com\fasterxml\jackson\core\jackson-core\2.9.8\jackson-core-2.9.8.jar;D:\Repositories\maven2\com\fasterxml\jackson\core\jackson-databind\2.9.8\jackson-databind-2.9.8.jar;D:\Repositories\maven2\com\fasterxml\jackson\core\jackson-annotations\2.9.0\jackson-annotations-2.9.0.jar;D:\Repositories\maven2\com\netflix\archaius\archaius-core\0.7.5\archaius-core-0.7.5.jar;D:\Repositories\maven2\com\google\code\findbugs\jsr305\3.0.1\jsr305-3.0.1.jar;D:\Repositories\maven2\com\netflix\servo\servo-core\0.7.2\servo-core-0.7.2.jar;D:\Repositories\maven2\com\google\code\findbugs\annotations\2.0.0\annotations-2.0.0.jar;D:\Repositories\maven2\com\netflix\spectator\spectator-api\0.59.0\spectator-api-0.59.0.jar;D:\Repositories\maven2\com\netflix\netflix-commons\netflix-commons-util\0.3.0\netflix-commons-util-0.3.0.jar;D:\Repositories\maven2\com\netflix\ribbon\ribbon-core\2.2.4\ribbon-core-2.2.4.jar;D:\Repositories\maven2\com\netflix\ribbon\ribbon-httpclient\2.2.4\ribbon-httpclient-2.2.4.jar;D:\Repositories\maven2\org\apache\httpcomponents\httpclient\4.2.1\httpclient-4.2.1.jar;D:\Repositories\maven2\org\apache\httpcomponents\httpcore\4.2.1\httpcore-4.2.1.jar;D:\Repositories\maven2\commons-codec\commons-codec\1.6\commons-codec-1.6.jar;D:\Repositories\maven2\com\sun\jersey\jersey-client\1.19.1\jersey-client-1.19.1.jar;D:\Repositories\maven2\com\sun\jersey\contribs\jersey-apache-client4\1.19.1\jersey-apache-client4-1.19.1.jar;D:\Repositories\maven2\com\netflix\ribbon\ribbon-loadbalancer\2.2.4\ribbon-loadbalancer-2.2.4.jar;D:\Repositories\maven2\com\netflix\netflix-commons\netflix-statistics\0.1.1\netflix-statistics-0.1.1.jar;D:\Repositories\maven2\com\netflix\ribbon\ribbon-eureka\2.2.4\ribbon-eureka-2.2.4.jar;D:\Repositories\maven2\com\netflix\eureka\eureka-client\1.9.4\eureka-client-1.9.4.jar;D:\Repositories\maven2\org\codehaus\jettison\jettison\1.3.7\jettison-1.3.7.jar;D:\Repositories\maven2\stax\stax-api\1.0.1\stax-api-1.0.1.jar;D:\Repositories\maven2\com\netflix\netflix-commons\netflix-eventbus\0.3.0\netflix-eventbus-0.3.0.jar;D:\Repositories\maven2\com\netflix\netflix-commons\netflix-infix\0.3.0\netflix-infix-0.3.0.jar;D:\Repositories\maven2\commons-jxpath\commons-jxpath\1.3\commons-jxpath-1.3.jar;D:\Repositories\maven2\joda-time\joda-time\2.3\joda-time-2.3.jar;D:\Repositories\maven2\javax\servlet\servlet-api\2.5\servlet-api-2.5.jar;D:\Repositories\maven2\org\antlr\antlr-runtime\3.4\antlr-runtime-3.4.jar;D:\Repositories\maven2\org\antlr\stringtemplate\3.2.1\stringtemplate-3.2.1.jar;D:\Repositories\maven2\antlr\antlr\2.7.7\antlr-2.7.7.jar;D:\Repositories\maven2\com\google\code\gson\gson\2.1\gson-2.1.jar;D:\Repositories\maven2\org\apache\commons\commons-math\2.2\commons-math-2.2.jar;D:\Repositories\maven2\com\thoughtworks\xstream\xstream\1.4.10\xstream-1.4.10.jar;D:\Repositories\maven2\xmlpull\xmlpull\1.1.3.1\xmlpull-1.1.3.1.jar;D:\Repositories\maven2\xpp3\xpp3_min\1.1.4c\xpp3_min-1.1.4c.jar;D:\Repositories\maven2\javax\ws\rs\jsr311-api\1.1.1\jsr311-api-1.1.1.jar;D:\Repositories\maven2\com\sun\jersey\jersey-core\1.19.1\jersey-core-1.19.1.jar;D:\Repositories\maven2\com\github\vlsi\compactmap\compactmap\1.2.1\compactmap-1.2.1.jar;D:\Repositories\maven2\com\github\andrewoma\dexx\dexx-collections\0.2\dexx-collections-0.2.jar;D:\Repositories\maven2\io\reactivex\rxjava\1.2.1\rxjava-1.2.1.jar;D:\Repositories\maven2\io\netty\netty-common\4.1.27.Final\netty-common-4.1.27.Final.jar;D:\Repositories\maven2\io\netty\netty-buffer\4.1.27.Final\netty-buffer-4.1.27.Final.jar;D:\Repositories\maven2\io\netty\netty-codec-http\4.1.27.Final\netty-codec-http-4.1.27.Final.jar;D:\Repositories\maven2\io\netty\netty-codec\4.1.27.Final\netty-codec-4.1.27.Final.jar;D:\Repositories\maven2\io\netty\netty-codec-http2\4.1.27.Final\netty-codec-http2-4.1.27.Final.jar;D:\Repositories\maven2\io\netty\netty-codec-haproxy\4.1.27.Final\netty-codec-haproxy-4.1.27.Final.jar;D:\Repositories\maven2\io\netty\netty-handler\4.1.27.Final\netty-handler-4.1.27.Final.jar;D:\Repositories\maven2\io\netty\netty-resolver\4.1.27.Final\netty-resolver-4.1.27.Final.jar;D:\Repositories\maven2\io\netty\netty-transport\4.1.27.Final\netty-transport-4.1.27.Final.jar;D:\Repositories\maven2\io\netty\netty-transport-native-epoll\4.1.27.Final\netty-transport-native-epoll-4.1.27.Final-linux-x86_64.jar;D:\Repositories\maven2\io\netty\netty-transport-native-unix-common\4.1.27.Final\netty-transport-native-unix-common-4.1.27.Final.jar;D:\Repositories\maven2\com\netflix\governator\governator\1.17.5\governator-1.17.5.jar;D:\Repositories\maven2\com\netflix\governator\governator-api\1.17.5\governator-api-1.17.5.jar;D:\Repositories\maven2\org\ow2\asm\asm\5.0.4\asm-5.0.4.jar;D:\Repositories\maven2\com\netflix\governator\governator-archaius\1.17.5\governator-archaius-1.17.5.jar;D:\Repositories\maven2\com\netflix\governator\governator-core\1.17.5\governator-core-1.17.5.jar;D:\Repositories\maven2\org\springframework\spring-core\5.1.9.RELEASE\spring-core-5.1.9.RELEASE.jar;D:\Repositories\maven2\org\springframework\spring-jcl\5.1.9.RELEASE\spring-jcl-5.1.9.RELEASE.jar;D:\Repositories\maven2\junit\junit\4.12\junit-4.12.jar;D:\Repositories\maven2\org\hamcrest\hamcrest-core\1.3\hamcrest-core-1.3.jar;D:\Repositories\maven2\org\mockito\mockito-core\2.28.2\mockito-core-2.28.2.jar;D:\Repositories\maven2\net\bytebuddy\byte-buddy\1.9.10\byte-buddy-1.9.10.jar;D:\Repositories\maven2\net\bytebuddy\byte-buddy-agent\1.9.10\byte-buddy-agent-1.9.10.jar;D:\Repositories\maven2\org\objenesis\objenesis\2.6\objenesis-2.6.jar;D:\Repositories\maven2\org\apache\maven\surefire\surefire-junit4\2.22.1\surefire-junit4-2.22.1.jar"/>
    <property name="java.vm.vendor" value="Oracle Corporation"/>
    <property name="sun.arch.data.model" value="64"/>
    <property name="user.variant" value=""/>
    <property name="java.vendor.url" value="http://java.oracle.com/"/>
    <property name="user.timezone" value="Asia/Shanghai"/>
    <property name="java.vm.specification.version" value="1.8"/>
    <property name="os.name" value="Windows 7"/>
    <property name="user.country" value="CN"/>
    <property name="sun.java.launcher" value="SUN_STANDARD"/>
    <property name="sun.boot.library.path" value="C:\Program Files\Java\jdk1.8.0_91\jre\bin"/>
    <property name="sun.java.command" value="org.apache.maven.surefire.booter.ForkedBooter C:\Users\liujianjun\AppData\Local\Temp\surefire7444202771213495716 2020-09-03T14-26-43_300-jvmRun1 surefire1843914423224157901tmp surefire_243534724476742573581tmp"/>
    <property name="surefire.test.class.path" value="D:\111\Sentinel-master\Sentinel-master\sentinel-adapter\sentinel-zuul2-adapter\target\test-classes;D:\111\Sentinel-master\Sentinel-master\sentinel-adapter\sentinel-zuul2-adapter\target\classes;D:\111\Sentinel-master\Sentinel-master\sentinel-core\target\sentinel-core-1.8.1-SNAPSHOT.jar;D:\111\Sentinel-master\Sentinel-master\sentinel-adapter\sentinel-api-gateway-adapter-common\target\sentinel-api-gateway-adapter-common-1.8.1-SNAPSHOT.jar;D:\111\Sentinel-master\Sentinel-master\sentinel-extension\sentinel-parameter-flow-control\target\sentinel-parameter-flow-control-1.8.1-SNAPSHOT.jar;D:\Repositories\maven2\com\googlecode\concurrentlinkedhashmap\concurrentlinkedhashmap-lru\1.4.2\concurrentlinkedhashmap-lru-1.4.2.jar;D:\Repositories\maven2\com\netflix\zuul\zuul-core\2.1.5\zuul-core-2.1.5.jar;D:\Repositories\maven2\io\netty\netty-tcnative-boringssl-static\2.0.12.Final\netty-tcnative-boringssl-static-2.0.12.Final.jar;D:\Repositories\maven2\com\google\inject\guice\4.1.0\guice-4.1.0.jar;D:\Repositories\maven2\javax\inject\javax.inject\1\javax.inject-1.jar;D:\Repositories\maven2\aopalliance\aopalliance\1.0\aopalliance-1.0.jar;D:\Repositories\maven2\com\google\guava\guava\19.0\guava-19.0.jar;D:\Repositories\maven2\com\google\inject\extensions\guice-multibindings\4.1.0\guice-multibindings-4.1.0.jar;D:\Repositories\maven2\com\google\inject\extensions\guice-grapher\4.1.0\guice-grapher-4.1.0.jar;D:\Repositories\maven2\com\google\inject\extensions\guice-assistedinject\4.1.0\guice-assistedinject-4.1.0.jar;D:\Repositories\maven2\com\google\inject\extensions\guice-servlet\4.0\guice-servlet-4.0.jar;D:\Repositories\maven2\com\google\inject\extensions\guice-throwingproviders\4.0\guice-throwingproviders-4.0.jar;D:\Repositories\maven2\log4j\log4j\1.2.17\log4j-1.2.17.jar;D:\Repositories\maven2\commons-io\commons-io\2.4\commons-io-2.4.jar;D:\Repositories\maven2\commons-fileupload\commons-fileupload\1.3\commons-fileupload-1.3.jar;D:\Repositories\maven2\commons-collections\commons-collections\3.2.2\commons-collections-3.2.2.jar;D:\Repositories\maven2\commons-configuration\commons-configuration\1.8\commons-configuration-1.8.jar;D:\Repositories\maven2\commons-lang\commons-lang\2.6\commons-lang-2.6.jar;D:\Repositories\maven2\commons-logging\commons-logging\1.1.1\commons-logging-1.1.1.jar;D:\Repositories\maven2\org\apache\commons\commons-lang3\3.4\commons-lang3-3.4.jar;D:\Repositories\maven2\org\codehaus\groovy\groovy-all\2.4.4\groovy-all-2.4.4.jar;D:\Repositories\maven2\org\slf4j\slf4j-api\1.7.25\slf4j-api-1.7.25.jar;D:\Repositories\maven2\org\json\json\20090211\json-20090211.jar;D:\Repositories\maven2\org\bouncycastle\bcpg-jdk15on\1.61\bcpg-jdk15on-1.61.jar;D:\Repositories\maven2\org\bouncycastle\bcprov-jdk15on\1.61\bcprov-jdk15on-1.61.jar;D:\Repositories\maven2\com\fasterxml\jackson\core\jackson-core\2.9.8\jackson-core-2.9.8.jar;D:\Repositories\maven2\com\fasterxml\jackson\core\jackson-databind\2.9.8\jackson-databind-2.9.8.jar;D:\Repositories\maven2\com\fasterxml\jackson\core\jackson-annotations\2.9.0\jackson-annotations-2.9.0.jar;D:\Repositories\maven2\com\netflix\archaius\archaius-core\0.7.5\archaius-core-0.7.5.jar;D:\Repositories\maven2\com\google\code\findbugs\jsr305\3.0.1\jsr305-3.0.1.jar;D:\Repositories\maven2\com\netflix\servo\servo-core\0.7.2\servo-core-0.7.2.jar;D:\Repositories\maven2\com\google\code\findbugs\annotations\2.0.0\annotations-2.0.0.jar;D:\Repositories\maven2\com\netflix\spectator\spectator-api\0.59.0\spectator-api-0.59.0.jar;D:\Repositories\maven2\com\netflix\netflix-commons\netflix-commons-util\0.3.0\netflix-commons-util-0.3.0.jar;D:\Repositories\maven2\com\netflix\ribbon\ribbon-core\2.2.4\ribbon-core-2.2.4.jar;D:\Repositories\maven2\com\netflix\ribbon\ribbon-httpclient\2.2.4\ribbon-httpclient-2.2.4.jar;D:\Repositories\maven2\org\apache\httpcomponents\httpclient\4.2.1\httpclient-4.2.1.jar;D:\Repositories\maven2\org\apache\httpcomponents\httpcore\4.2.1\httpcore-4.2.1.jar;D:\Repositories\maven2\commons-codec\commons-codec\1.6\commons-codec-1.6.jar;D:\Repositories\maven2\com\sun\jersey\jersey-client\1.19.1\jersey-client-1.19.1.jar;D:\Repositories\maven2\com\sun\jersey\contribs\jersey-apache-client4\1.19.1\jersey-apache-client4-1.19.1.jar;D:\Repositories\maven2\com\netflix\ribbon\ribbon-loadbalancer\2.2.4\ribbon-loadbalancer-2.2.4.jar;D:\Repositories\maven2\com\netflix\netflix-commons\netflix-statistics\0.1.1\netflix-statistics-0.1.1.jar;D:\Repositories\maven2\com\netflix\ribbon\ribbon-eureka\2.2.4\ribbon-eureka-2.2.4.jar;D:\Repositories\maven2\com\netflix\eureka\eureka-client\1.9.4\eureka-client-1.9.4.jar;D:\Repositories\maven2\org\codehaus\jettison\jettison\1.3.7\jettison-1.3.7.jar;D:\Repositories\maven2\stax\stax-api\1.0.1\stax-api-1.0.1.jar;D:\Repositories\maven2\com\netflix\netflix-commons\netflix-eventbus\0.3.0\netflix-eventbus-0.3.0.jar;D:\Repositories\maven2\com\netflix\netflix-commons\netflix-infix\0.3.0\netflix-infix-0.3.0.jar;D:\Repositories\maven2\commons-jxpath\commons-jxpath\1.3\commons-jxpath-1.3.jar;D:\Repositories\maven2\joda-time\joda-time\2.3\joda-time-2.3.jar;D:\Repositories\maven2\javax\servlet\servlet-api\2.5\servlet-api-2.5.jar;D:\Repositories\maven2\org\antlr\antlr-runtime\3.4\antlr-runtime-3.4.jar;D:\Repositories\maven2\org\antlr\stringtemplate\3.2.1\stringtemplate-3.2.1.jar;D:\Repositories\maven2\antlr\antlr\2.7.7\antlr-2.7.7.jar;D:\Repositories\maven2\com\google\code\gson\gson\2.1\gson-2.1.jar;D:\Repositories\maven2\org\apache\commons\commons-math\2.2\commons-math-2.2.jar;D:\Repositories\maven2\com\thoughtworks\xstream\xstream\1.4.10\xstream-1.4.10.jar;D:\Repositories\maven2\xmlpull\xmlpull\1.1.3.1\xmlpull-1.1.3.1.jar;D:\Repositories\maven2\xpp3\xpp3_min\1.1.4c\xpp3_min-1.1.4c.jar;D:\Repositories\maven2\javax\ws\rs\jsr311-api\1.1.1\jsr311-api-1.1.1.jar;D:\Repositories\maven2\com\sun\jersey\jersey-core\1.19.1\jersey-core-1.19.1.jar;D:\Repositories\maven2\com\github\vlsi\compactmap\compactmap\1.2.1\compactmap-1.2.1.jar;D:\Repositories\maven2\com\github\andrewoma\dexx\dexx-collections\0.2\dexx-collections-0.2.jar;D:\Repositories\maven2\io\reactivex\rxjava\1.2.1\rxjava-1.2.1.jar;D:\Repositories\maven2\io\netty\netty-common\4.1.27.Final\netty-common-4.1.27.Final.jar;D:\Repositories\maven2\io\netty\netty-buffer\4.1.27.Final\netty-buffer-4.1.27.Final.jar;D:\Repositories\maven2\io\netty\netty-codec-http\4.1.27.Final\netty-codec-http-4.1.27.Final.jar;D:\Repositories\maven2\io\netty\netty-codec\4.1.27.Final\netty-codec-4.1.27.Final.jar;D:\Repositories\maven2\io\netty\netty-codec-http2\4.1.27.Final\netty-codec-http2-4.1.27.Final.jar;D:\Repositories\maven2\io\netty\netty-codec-haproxy\4.1.27.Final\netty-codec-haproxy-4.1.27.Final.jar;D:\Repositories\maven2\io\netty\netty-handler\4.1.27.Final\netty-handler-4.1.27.Final.jar;D:\Repositories\maven2\io\netty\netty-resolver\4.1.27.Final\netty-resolver-4.1.27.Final.jar;D:\Repositories\maven2\io\netty\netty-transport\4.1.27.Final\netty-transport-4.1.27.Final.jar;D:\Repositories\maven2\io\netty\netty-transport-native-epoll\4.1.27.Final\netty-transport-native-epoll-4.1.27.Final-linux-x86_64.jar;D:\Repositories\maven2\io\netty\netty-transport-native-unix-common\4.1.27.Final\netty-transport-native-unix-common-4.1.27.Final.jar;D:\Repositories\maven2\com\netflix\governator\governator\1.17.5\governator-1.17.5.jar;D:\Repositories\maven2\com\netflix\governator\governator-api\1.17.5\governator-api-1.17.5.jar;D:\Repositories\maven2\org\ow2\asm\asm\5.0.4\asm-5.0.4.jar;D:\Repositories\maven2\com\netflix\governator\governator-archaius\1.17.5\governator-archaius-1.17.5.jar;D:\Repositories\maven2\com\netflix\governator\governator-core\1.17.5\governator-core-1.17.5.jar;D:\Repositories\maven2\org\springframework\spring-core\5.1.9.RELEASE\spring-core-5.1.9.RELEASE.jar;D:\Repositories\maven2\org\springframework\spring-jcl\5.1.9.RELEASE\spring-jcl-5.1.9.RELEASE.jar;D:\Repositories\maven2\junit\junit\4.12\junit-4.12.jar;D:\Repositories\maven2\org\hamcrest\hamcrest-core\1.3\hamcrest-core-1.3.jar;D:\Repositories\maven2\org\mockito\mockito-core\2.28.2\mockito-core-2.28.2.jar;D:\Repositories\maven2\net\bytebuddy\byte-buddy\1.9.10\byte-buddy-1.9.10.jar;D:\Repositories\maven2\net\bytebuddy\byte-buddy-agent\1.9.10\byte-buddy-agent-1.9.10.jar;D:\Repositories\maven2\org\objenesis\objenesis\2.6\objenesis-2.6.jar;"/>
    <property name="sun.cpu.endian" value="little"/>
    <property name="user.home" value="C:\Users\liujianjun"/>
    <property name="user.language" value="zh"/>
    <property name="java.specification.vendor" value="Oracle Corporation"/>
    <property name="java.home" value="C:\Program Files\Java\jdk1.8.0_91\jre"/>
    <property name="basedir" value="D:\111\Sentinel-master\Sentinel-master\sentinel-adapter\sentinel-zuul2-adapter"/>
    <property name="file.separator" value="\"/>
    <property name="line.separator" value="&#10;"/>
    <property name="java.vm.specification.vendor" value="Oracle Corporation"/>
    <property name="java.specification.name" value="Java Platform API Specification"/>
    <property name="java.awt.graphicsenv" value="sun.awt.Win32GraphicsEnvironment"/>
    <property name="sun.boot.class.path" value="C:\Program Files\Java\jdk1.8.0_91\jre\lib\resources.jar;C:\Program Files\Java\jdk1.8.0_91\jre\lib\rt.jar;C:\Program Files\Java\jdk1.8.0_91\jre\lib\sunrsasign.jar;C:\Program Files\Java\jdk1.8.0_91\jre\lib\jsse.jar;C:\Program Files\Java\jdk1.8.0_91\jre\lib\jce.jar;C:\Program Files\Java\jdk1.8.0_91\jre\lib\charsets.jar;C:\Program Files\Java\jdk1.8.0_91\jre\lib\jfr.jar;C:\Program Files\Java\jdk1.8.0_91\jre\classes"/>
    <property name="user.script" value=""/>
    <property name="sun.management.compiler" value="HotSpot 64-Bit Tiered Compilers"/>
    <property name="java.runtime.version" value="1.8.0_91-b15"/>
    <property name="user.name" value="liujianjun"/>
    <property name="path.separator" value=";"/>
    <property name="os.version" value="6.1"/>
    <property name="java.endorsed.dirs" value="C:\Program Files\Java\jdk1.8.0_91\jre\lib\endorsed"/>
    <property name="java.runtime.name" value="Java(TM) SE Runtime Environment"/>
    <property name="file.encoding" value="UTF-8"/>
    <property name="java.vm.name" value="Java HotSpot(TM) 64-Bit Server VM"/>
    <property name="localRepository" value="D:\Repositories\maven2"/>
    <property name="java.vendor.url.bug" value="http://bugreport.sun.com/bugreport/"/>
    <property name="java.io.tmpdir" value="C:\Users\LIUJIA~1\AppData\Local\Temp\"/>
    <property name="idea.version" value="2017.1"/>
    <property name="java.version" value="1.8.0_91"/>
    <property name="user.dir" value="D:\111\Sentinel-master\Sentinel-master\sentinel-adapter\sentinel-zuul2-adapter"/>
    <property name="os.arch" value="amd64"/>
    <property name="java.vm.specification.name" value="Java Virtual Machine Specification"/>
    <property name="java.awt.printerjob" value="sun.awt.windows.WPrinterJob"/>
    <property name="sun.os.patch.level" value="Service Pack 1"/>
    <property name="java.library.path" value="C:\Program Files\Java\jdk1.8.0_91\jre\bin;C:\windows\Sun\Java\bin;C:\windows\system32;C:\windows;C:\ProgramData\Oracle\Java\javapath;C:\Program Files\Java\jdk1.8.0_91\bin;D:\apache-maven-3.0.4\bin;D:\Program Files\SlikSvn\bin;C:\strawberry\c\bin;C:\strawberry\perl\bin;D:\3.0ftp\boot\mysql-5.5.51-win32\bin;C:\windows\system32;C:\MinGW\bin;C:\Python27;C:\Python27\Scripts;D:\Program Files (x86)\opencv\build;E:\Program Files\Git\cmd;C:\Users\liujianjun\AppData\Local\Programs\Python\Python36-32\Scripts\;C:\Users\liujianjun\AppData\Local\Programs\Python\Python36-32\;d:\Program Files (x86)\SSH Communications Security\SSH Secure Shell;C:\Users\liujianjun\AppData\Local\Programs\Fiddler;C:\Users\liujianjun\AppData\Local\BypassRuntm;."/>
    <property name="java.vm.info" value="mixed mode"/>
    <property name="java.vendor" value="Oracle Corporation"/>
    <property name="java.vm.version" value="25.91-b15"/>
    <property name="java.ext.dirs" value="C:\Program Files\Java\jdk1.8.0_91\jre\lib\ext;C:\windows\Sun\Java\lib\ext"/>
    <property name="sun.io.unicode.encoding" value="UnicodeLittle"/>
    <property name="java.class.version" value="52.0"/>
  </properties>
  <testcase name="clear" classname="com.alibaba.csp.sentinel.adapter.gateway.zuul2.fallback.ZuulBlockFallbackManagerTest" time="0.003"/>
  <testcase name="testRegisterProvider" classname="com.alibaba.csp.sentinel.adapter.gateway.zuul2.fallback.ZuulBlockFallbackManagerTest" time="0.002"/>
</testsuite>